<?xml version="1.0" encoding="utf-8"?><testsuites><testsuite name="pytest" errors="0" failures="0" skipped="12" tests="962" time="51.917" timestamp="2025-06-22T17:14:35.173448+02:00" hostname="ocean"><testcase classname="tests.handlers.test_app_handlers.TestAppHandlers" name="test_handle_list_apps_error" time="0.006" /><testcase classname="tests.handlers.test_app_handlers.TestAppHandlers" name="test_handle_list_apps_success" time="0.002" /><testcase classname="tests.handlers.test_app_handlers.TestAppHandlers" name="test_handle_list_apps_with_blacklist" time="0.001" /><testcase classname="tests.handlers.test_app_handlers.TestAppHandlers" name="test_handle_list_apps_with_brew_filter" time="0.001" /><testcase classname="tests.handlers.test_app_handlers.TestAppHandlers" name="test_handle_list_apps_with_export" time="0.001" /><testcase classname="tests.handlers.test_config_handlers.TestConfigHandlers" name="test_handle_config_generation_success" time="0.001" /><testcase classname="tests.handlers.test_config_handlers.TestConfigHandlers" name="test_handle_config_generation_custom_path" time="0.001" /><testcase classname="tests.handlers.test_config_handlers.TestConfigHandlers" name="test_handle_config_generation_exception" time="0.001" /><testcase classname="tests.handlers.test_filter_handlers.TestFilterHandlers" name="test_handle_filter_management_list_filters_empty" time="0.003" /><testcase classname="tests.handlers.test_filter_handlers.TestFilterHandlers" name="test_handle_filter_management_list_filters_with_filters" time="0.003" /><testcase classname="tests.handlers.test_filter_handlers.TestFilterHandlers" name="test_handle_filter_management_delete_filter_success" time="0.004" /><testcase classname="tests.handlers.test_filter_handlers.TestFilterHandlers" name="test_handle_filter_management_delete_filter_not_found" time="0.002" /><testcase classname="tests.handlers.test_filter_handlers.TestFilterHandlers" name="test_handle_filter_management_load_filter_success" time="0.005" /><testcase classname="tests.handlers.test_filter_handlers.TestFilterHandlers" name="test_handle_filter_management_load_filter_not_found" time="0.003" /><testcase classname="tests.handlers.test_filter_handlers.TestFilterHandlers" name="test_handle_save_filter_success" time="0.002" /><testcase classname="tests.handlers.test_filter_handlers.TestFilterHandlers" name="test_handle_save_filter_failure" time="0.002" /><testcase classname="tests.handlers.test_filter_handlers.TestFilterHandlers" name="test_handle_save_filter_exception" time="0.002" /><testcase classname="tests.handlers.test_setup_handlers.TestSetupHandlers" name="test_handle_initialize_config_success" time="0.001" /><testcase classname="tests.handlers.test_setup_handlers.TestSetupHandlers" name="test_handle_initialize_config_no_config_file" time="0.001" /><testcase classname="tests.handlers.test_setup_handlers.TestSetupHandlers" name="test_handle_initialize_config_error" time="0.001" /><testcase classname="tests.handlers.test_setup_handlers.TestSetupHandlers" name="test_handle_configure_from_options_success" time="0.001" /><testcase classname="tests.handlers.test_setup_handlers.TestSetupHandlers" name="test_handle_configure_from_options_error" time="0.001" /><testcase classname="tests.handlers.test_setup_handlers.TestSetupHandlers" name="test_handle_setup_logging_debug_level_1" time="0.001" /><testcase classname="tests.handlers.test_setup_handlers.TestSetupHandlers" name="test_handle_setup_logging_debug_level_2" time="0.002" /><testcase classname="tests.handlers.test_setup_handlers.TestSetupHandlers" name="test_handle_setup_logging_no_debug" time="0.001" /><testcase classname="tests.handlers.test_setup_handlers.TestSetupHandlers" name="test_handle_setup_logging_error" time="0.001" /><testcase classname="tests.handlers.test_utils_handlers.TestUtilsHandlers" name="test_setup_logging_basic" time="0.001" /><testcase classname="tests.handlers.test_utils_handlers.TestUtilsHandlers" name="test_setup_logging_with_files" time="0.002" /><testcase classname="tests.handlers.test_utils_handlers.TestUtilsHandlers" name="test_suppress_console_warnings" time="0.001" /><testcase classname="tests.handlers.test_utils_handlers.TestUtilsHandlers" name="test_suppress_console_warnings_with_handlers" time="0.001" /><testcase classname="tests.test_additional_functions.TestAdditionalAppsFunctions" name="test_adaptive_rate_limiter" time="0.001" /><testcase classname="tests.test_additional_functions.TestAdditionalAppsFunctions" name="test_filter_brew_candidates" time="0.000" /><testcase classname="tests.test_additional_functions.TestAdditionalAppsFunctions" name="test_get_homebrew_casks_list" time="0.318" /><testcase classname="tests.test_app_store.TestAppStore" name="test_is_app_in_app_store_error" time="0.001" /><testcase classname="tests.test_app_store.TestAppStore" name="test_is_app_in_app_store_exception" time="0.000" /><testcase classname="tests.test_app_store.TestAppStore" name="test_is_app_in_app_store_found" time="0.000" /><testcase classname="tests.test_app_store.TestAppStore" name="test_is_app_in_app_store_not_found" time="0.000" /><testcase classname="tests.test_apps" name="test_get_applications" time="0.001" /><testcase classname="tests.test_apps" name="test_filter_out_brews" time="0.002" /><testcase classname="tests.test_apps" name="test_process_brew_search" time="0.001" /><testcase classname="tests.test_apps" name="test_is_homebrew_available_true" time="0.001" /><testcase classname="tests.test_apps" name="test_is_homebrew_available_false" time="0.000" /><testcase classname="tests.test_apps" name="test_is_homebrew_available_non_macos" time="0.000" /><testcase classname="tests.test_apps" name="test_is_homebrew_available_arm" time="0.001" /><testcase classname="tests.test_apps" name="test_get_homebrew_casks_success" time="0.001" /><testcase classname="tests.test_apps" name="test_get_homebrew_casks_empty" time="0.001" /><testcase classname="tests.test_apps" name="test_get_homebrew_casks_error" time="0.001" /><testcase classname="tests.test_apps" name="test_get_homebrew_casks_network_error" time="0.001" /><testcase classname="tests.test_apps" name="test_get_homebrew_casks_timeout" time="0.001" /><testcase classname="tests.test_apps" name="test_get_homebrew_casks_cache" time="0.000" /><testcase classname="tests.test_apps" name="test_get_applications_from_system_profiler_valid" time="0.000" /><testcase classname="tests.test_apps" name="test_get_applications_from_system_profiler_empty" time="0.000" /><testcase classname="tests.test_apps" name="test_get_applications_from_system_profiler_invalid" time="0.000" /><testcase classname="tests.test_apps" name="test_get_applications_from_system_profiler_test_app_normalization" time="0.001" /><testcase classname="tests.test_apps" name="test_get_cask_version_found" time="0.000" /><testcase classname="tests.test_apps" name="test_get_cask_version_not_found" time="0.000" /><testcase classname="tests.test_apps" name="test_get_cask_version_latest" time="0.000" /><testcase classname="tests.test_apps" name="test_get_cask_version_error" time="0.000" /><testcase classname="tests.test_apps" name="test_get_cask_version_network_error" time="0.000" /><testcase classname="tests.test_apps" name="test_get_cask_version_timeout" time="0.000" /><testcase classname="tests.test_apps" name="test_get_cask_version_general_exception" time="0.000" /><testcase classname="tests.test_apps" name="test_check_brew_install_candidates_no_homebrew" time="0.000" /><testcase classname="tests.test_apps" name="test_check_brew_install_candidates_success" time="0.001" /><testcase classname="tests.test_apps" name="test_process_brew_batch_no_homebrew" time="0.000" /><testcase classname="tests.test_apps" name="test_process_brew_batch_empty" time="0.000" /><testcase classname="tests.test_apps" name="test_simple_rate_limiter" time="0.000" /><testcase classname="tests.test_apps" name="test_process_brew_batch_with_simple_rate_limiter" time="0.001" /><testcase classname="tests.test_apps" name="test_process_brew_batch_with_adaptive_rate_limiter" time="0.002" /><testcase classname="tests.test_apps" name="test_process_brew_batch_future_exceptions" time="0.002" /><testcase classname="tests.test_apps_coverage.TestAdaptiveRateLimiter" name="test_adaptive_rate_limiter_custom_params" time="0.000" /><testcase classname="tests.test_apps_coverage.TestAdaptiveRateLimiter" name="test_adaptive_rate_limiter_feedback_failure" time="0.000" /><testcase classname="tests.test_apps_coverage.TestAdaptiveRateLimiter" name="test_adaptive_rate_limiter_feedback_success" time="0.000" /><testcase classname="tests.test_apps_coverage.TestAdaptiveRateLimiter" name="test_adaptive_rate_limiter_init" time="0.000" /><testcase classname="tests.test_apps_coverage.TestAdaptiveRateLimiter" name="test_adaptive_rate_limiter_max_limit" time="0.000" /><testcase classname="tests.test_apps_coverage.TestAdaptiveRateLimiter" name="test_adaptive_rate_limiter_min_limit" time="0.000" /><testcase classname="tests.test_apps_coverage.TestAdaptiveRateLimiter" name="test_adaptive_rate_limiter_wait" time="0.106" /><testcase classname="tests.test_apps_coverage.TestAdaptiveRateLimiterAlias" name="test_adaptive_rate_limiter_alias" time="0.000" /><testcase classname="tests.test_apps_coverage.TestAppStoreCheck" name="test_is_app_in_app_store_cache_hit" time="0.001" /><testcase classname="tests.test_apps_coverage.TestAppStoreCheck" name="test_is_app_in_app_store_cache_miss" time="0.000" /><testcase classname="tests.test_apps_coverage.TestAppStoreCheck" name="test_is_app_in_app_store_exception" time="0.000" /><testcase classname="tests.test_apps_coverage.TestAppStoreCheck" name="test_is_app_in_app_store_no_cache" time="0.000" /><testcase classname="tests.test_apps_coverage.TestBrewCaskInstallable" name="test_is_brew_cask_installable_cache_hit" time="0.001" /><testcase classname="tests.test_apps_coverage.TestBrewCaskInstallable" name="test_is_brew_cask_installable_cache_miss" time="0.906" /><testcase classname="tests.test_apps_coverage.TestBrewCaskInstallable" name="test_is_brew_cask_installable_no_homebrew" time="0.001" /><testcase classname="tests.test_apps_coverage.TestHomebrewCasksList" name="test_get_homebrew_casks_list_no_homebrew" time="0.000" /><testcase classname="tests.test_apps_coverage.TestHomebrewCasksList" name="test_get_homebrew_casks_list_with_homebrew" time="0.000" /><testcase classname="tests.test_apps_coverage.TestUtilityFunctions" name="test_create_batches_empty" time="0.000" /><testcase classname="tests.test_apps_coverage.TestUtilityFunctions" name="test_create_batches_normal" time="0.000" /><testcase classname="tests.test_apps_coverage.TestUtilityFunctions" name="test_create_batches_single_item" time="0.000" /><testcase classname="tests.test_apps_coverage.TestUtilityFunctions" name="test_create_rate_limiter_default_fallback" time="0.000" /><testcase classname="tests.test_apps_coverage.TestUtilityFunctions" name="test_create_rate_limiter_int" time="0.000" /><testcase classname="tests.test_apps_coverage.TestUtilityFunctions" name="test_create_rate_limiter_object_with_delay" time="0.000" /><testcase classname="tests.test_apps_coverage.TestUtilityFunctions" name="test_create_rate_limiter_object_with_rate_limit" time="0.000" /><testcase classname="tests.test_apps_coverage.TestUtilityFunctions" name="test_handle_batch_error_network" time="0.000" /><testcase classname="tests.test_apps_coverage.TestUtilityFunctions" name="test_handle_batch_error_timeout" time="0.000" /><testcase classname="tests.test_apps_coverage.TestUtilityFunctions" name="test_handle_future_result_exception" time="0.001" /><testcase classname="tests.test_apps_coverage.TestUtilityFunctions" name="test_handle_future_result_success" time="0.001" /><testcase classname="tests.test_apps_coverage.TestFilterOutBrews" name="test_filter_out_brews_empty_applications" time="0.001" /><testcase classname="tests.test_apps_coverage.TestFilterOutBrews" name="test_filter_out_brews_empty_brews" time="0.000" /><testcase classname="tests.test_apps_coverage.TestFilterOutBrews" name="test_filter_out_brews_no_matches" time="0.001" /><testcase classname="tests.test_apps_coverage.TestFilterOutBrews" name="test_filter_out_brews_strict_mode" time="0.000" /><testcase classname="tests.test_apps_coverage.TestCacheManagement" name="test_clear_homebrew_casks_cache" time="0.001" /><testcase classname="tests.test_apps_coverage.TestRateLimiterEdgeCases" name="test_simple_rate_limiter_negative_delay" time="0.000" /><testcase classname="tests.test_apps_coverage.TestRateLimiterEdgeCases" name="test_simple_rate_limiter_thread_safety" time="0.208" /><testcase classname="tests.test_apps_coverage.TestRateLimiterEdgeCases" name="test_simple_rate_limiter_zero_delay" time="0.000" /><testcase classname="tests.test_apps_coverage.TestComplexScenarios" name="test_adaptive_rate_limiter_mixed_feedback" time="0.000" /><testcase classname="tests.test_apps_coverage.TestComplexScenarios" name="test_simple_rate_limiter_multiple_waits" time="0.106" /><testcase classname="tests.test_apps_extra.TestAppsExtra" name="test_check_brew_install_candidates_batch_error_handling" time="0.001" /><testcase classname="tests.test_apps_extra.TestAppsExtra" name="test_check_brew_install_candidates_network_error" time="0.000" /><testcase classname="tests.test_apps_extra.TestAppsExtra" name="test_check_brew_install_candidates_no_homebrew" time="0.000" /><testcase classname="tests.test_apps_extra.TestAppsExtra" name="test_check_brew_install_candidates_success" time="0.001" /><testcase classname="tests.test_apps_extra.TestAppsExtra" name="test_get_homebrew_casks_list_all_commands_fail" time="0.001" /><testcase classname="tests.test_apps_extra.TestAppsExtra" name="test_get_homebrew_casks_list_cached" time="0.001" /><testcase classname="tests.test_apps_extra.TestAppsExtra" name="test_get_homebrew_casks_list_first_command_fails" time="0.001" /><testcase classname="tests.test_apps_extra.TestAppsExtra" name="test_get_homebrew_casks_list_no_cache" time="0.001" /><testcase classname="tests.test_apps_extra.TestAppsExtra" name="test_get_homebrew_casks_list_no_homebrew" time="0.001" /><testcase classname="tests.test_apps_extra.TestAppsExtra" name="test_get_homebrew_casks_list_permission_error" time="0.001" /><testcase classname="tests.test_apps_extra.TestAppsExtra" name="test_get_homebrew_casks_list_timeout" time="0.000" /><testcase classname="tests.test_apps_extra.TestAppsExtra" name="test_is_app_in_app_store_cached" time="0.001" /><testcase classname="tests.test_apps_extra.TestAppsExtra" name="test_is_app_in_app_store_exception" time="0.000" /><testcase classname="tests.test_apps_extra.TestAppsExtra" name="test_is_app_in_app_store_no_cache" time="0.001" /><testcase classname="tests.test_apps_extra.TestAppsExtra" name="test_is_brew_cask_installable_cached" time="0.001" /><testcase classname="tests.test_apps_extra.TestAppsExtra" name="test_is_brew_cask_installable_found" time="0.002" /><testcase classname="tests.test_apps_extra.TestAppsExtra" name="test_is_brew_cask_installable_network_error" time="0.000" /><testcase classname="tests.test_apps_extra.TestAppsExtra" name="test_is_brew_cask_installable_no_homebrew" time="0.001" /><testcase classname="tests.test_apps_extra.TestAppsExtra" name="test_is_brew_cask_installable_not_found" time="0.001" /><testcase classname="tests.test_apps_extra.TestAppsExtra" name="test_is_brew_cask_installable_timeout" time="0.000" /><testcase classname="tests.test_apps_extra.TestAppsExtra" name="test_process_brew_batch_no_homebrew" time="0.000" /><testcase classname="tests.test_apps_extra.TestAppsExtra" name="test_process_brew_batch_with_adaptive_rate_limiting" time="0.002" /><testcase classname="tests.test_apps_extra.TestAppsExtra" name="test_simple_rate_limiter" time="0.206" /><testcase classname="tests.test_apps_new.TestApps" name="test_filter_out_brews" time="0.001" /><testcase classname="tests.test_apps_new.TestApps" name="test_get_applications" time="0.001" /><testcase classname="tests.test_apps_new.TestApps" name="test_get_applications_from_system_profiler_empty" time="0.001" /><testcase classname="tests.test_apps_new.TestApps" name="test_get_applications_from_system_profiler_invalid" time="0.001" /><testcase classname="tests.test_apps_new.TestApps" name="test_get_applications_from_system_profiler_test_app_normalization" time="0.001" /><testcase classname="tests.test_apps_new.TestApps" name="test_get_applications_from_system_profiler_valid" time="0.001" /><testcase classname="tests.test_apps_new.TestApps" name="test_get_cask_version_error" time="0.001" /><testcase classname="tests.test_apps_new.TestApps" name="test_get_cask_version_found" time="0.001" /><testcase classname="tests.test_apps_new.TestApps" name="test_get_cask_version_general_exception" time="0.001" /><testcase classname="tests.test_apps_new.TestApps" name="test_get_cask_version_latest" time="0.001" /><testcase classname="tests.test_apps_new.TestApps" name="test_get_cask_version_network_error" time="0.001" /><testcase classname="tests.test_apps_new.TestApps" name="test_get_cask_version_not_found" time="0.001" /><testcase classname="tests.test_apps_new.TestApps" name="test_get_cask_version_timeout" time="0.001" /><testcase classname="tests.test_apps_new.TestApps" name="test_get_homebrew_casks_cache" time="0.001" /><testcase classname="tests.test_apps_new.TestApps" name="test_get_homebrew_casks_empty" time="0.001" /><testcase classname="tests.test_apps_new.TestApps" name="test_get_homebrew_casks_error" time="0.001" /><testcase classname="tests.test_apps_new.TestApps" name="test_get_homebrew_casks_network_error" time="0.001" /><testcase classname="tests.test_apps_new.TestApps" name="test_get_homebrew_casks_success" time="0.001" /><testcase classname="tests.test_apps_new.TestApps" name="test_get_homebrew_casks_timeout" time="0.001" /><testcase classname="tests.test_apps_new.TestApps" name="test_is_homebrew_available_arm" time="0.001" /><testcase classname="tests.test_apps_new.TestApps" name="test_is_homebrew_available_false" time="0.001" /><testcase classname="tests.test_apps_new.TestApps" name="test_is_homebrew_available_non_macos" time="0.000" /><testcase classname="tests.test_apps_new.TestApps" name="test_is_homebrew_available_true" time="0.001" /><testcase classname="tests.test_apps_new.TestApps" name="test_process_brew_batch_with_adaptive_rate_limiting" time="0.014" /><testcase classname="tests.test_apps_new.TestApps" name="test_process_brew_search" time="0.001" /><testcase classname="tests.test_apps_new.TestApps" name="test_simple_rate_limiter" time="0.205" /><testcase classname="tests.test_apps_new_pytest" name="test_get_applications" time="0.001" /><testcase classname="tests.test_apps_new_pytest" name="test_filter_out_brews" time="0.001" /><testcase classname="tests.test_async_homebrew" name="test_fetch_cask_info_success" time="0.002" /><testcase classname="tests.test_async_homebrew" name="test_fetch_cask_info_not_found" time="0.001" /><testcase classname="tests.test_async_homebrew" name="test_search_casks_success" time="0.003" /><testcase classname="tests.test_async_homebrew" name="test_search_casks_from_cache" time="0.001" /><testcase classname="tests.test_async_homebrew.TestHomebrewBatchProcessor" name="test_process_item_exact_match" time="0.001" /><testcase classname="tests.test_async_homebrew.TestHomebrewBatchProcessor" name="test_process_item_fuzzy_match" time="0.001" /><testcase classname="tests.test_async_homebrew.TestHomebrewBatchProcessor" name="test_process_item_no_match" time="0.001" /><testcase classname="tests.test_async_homebrew.TestHomebrewBatchProcessor" name="test_process_item_error" time="0.001" /><testcase classname="tests.test_async_homebrew.TestHomebrewBatchProcessor" name="test_is_significant_match" time="0.001" /><testcase classname="tests.test_async_homebrew" name="test_async_get_cask_version" time="0.001" /><testcase classname="tests.test_async_homebrew" name="test_async_get_cask_version_not_found" time="0.001" /><testcase classname="tests.test_async_homebrew.TestHomebrewVersionChecker" name="test_process_item" time="0.001" /><testcase classname="tests.test_async_homebrew.TestHomebrewVersionChecker" name="test_process_item_error" time="0.001" /><testcase classname="tests.test_async_homebrew" name="test_async_check_brew_install_candidates" time="0.001" /><testcase classname="tests.test_async_homebrew" name="test_async_check_brew_install_candidates_no_homebrew" time="0.001" /><testcase classname="tests.test_async_homebrew" name="test_async_check_brew_update_candidates" time="0.001" /><testcase classname="tests.test_async_homebrew" name="test_async_check_brew_update_candidates_no_homebrew" time="0.001" /><testcase classname="tests.test_async_integration" name="test_fetch_cask_info_with_mock_server" time="0.513" /><testcase classname="tests.test_async_integration" name="test_fetch_cask_info_with_server_error" time="0.506" /><testcase classname="tests.test_async_integration" name="test_fetch_cask_info_with_timeout" time="10.005" /><testcase classname="tests.test_async_integration" name="test_fetch_cask_info_with_malformed_response" time="0.506" /><testcase classname="tests.test_async_integration" name="test_search_casks_with_mock_server" time="0.507" /><testcase classname="tests.test_async_integration" name="test_async_check_brew_install_candidates_with_mock_server" time="0.611" /><testcase classname="tests.test_async_integration" name="test_async_check_brew_update_candidates_with_mock_server" time="0.608" /><testcase classname="tests.test_async_integration" name="test_async_get_cask_version_with_mock_server" time="0.506" /><testcase classname="tests.test_async_integration" name="test_batch_processing_with_server_errors" time="0.609" /><testcase classname="tests.test_async_integration" name="test_high_concurrency_with_rate_limiting" time="0.503" /><testcase classname="tests.test_async_network" name="test_fetch_json_success" time="0.002" /><testcase classname="tests.test_async_network" name="test_fetch_json_from_cache" time="0.001" /><testcase classname="tests.test_async_network" name="test_fetch_json_network_error" time="0.002" /><testcase classname="tests.test_async_network" name="test_fetch_json_timeout" time="0.002" /><testcase classname="tests.test_async_network" name="test_batch_fetch_json" time="0.102" /><testcase classname="tests.test_async_network" name="test_batch_fetch_json_error" time="0.103" /><testcase classname="tests.test_async_network" name="test_async_to_sync" time="0.001" /><testcase classname="tests.test_async_network" name="test_run_async_in_thread" time="0.001" /><testcase classname="tests.test_async_network.TestAsyncBatchProcessor" name="test_create_batches" time="0.001" /><testcase classname="tests.test_async_network.TestAsyncBatchProcessor" name="test_process_all" time="3.004" /><testcase classname="tests.test_async_network.TestAsyncBatchProcessor" name="test_process_batch" time="1.003" /><testcase classname="tests.test_async_network.TestAsyncBatchProcessor" name="test_process_batch_with_error" time="1.003" /><testcase classname="tests.test_brew_candidates.TestBrewCandidates" name="test_check_brew_install_candidates_brew_timeout_error" time="0.001" /><testcase classname="tests.test_brew_candidates.TestBrewCandidates" name="test_check_brew_install_candidates_network_error" time="0.001" /><testcase classname="tests.test_brew_candidates.TestBrewCandidates" name="test_check_brew_install_candidates_no_homebrew" time="0.001" /><testcase classname="tests.test_brew_candidates.TestBrewCandidates" name="test_check_brew_install_candidates_success" time="0.001" /><testcase classname="tests.test_brew_candidates.TestBrewCandidates" name="test_process_brew_batch_empty" time="0.001" /><testcase classname="tests.test_brew_candidates.TestBrewCandidates" name="test_process_brew_batch_no_homebrew" time="0.000" /><testcase classname="tests.test_brew_candidates.TestBrewCandidates" name="test_process_brew_batch_success" time="0.002" /><testcase classname="tests.test_brew_candidates.TestBrewCandidates" name="test_process_brew_search_error" time="0.001" /><testcase classname="tests.test_brew_candidates.TestBrewCandidates" name="test_process_brew_search_match_found" time="0.001" /><testcase classname="tests.test_brew_candidates.TestBrewCandidates" name="test_process_brew_search_no_match" time="0.002" /><testcase classname="tests.test_brew_candidates.TestBrewCandidates" name="test_simple_rate_limiter" time="0.106" /><testcase classname="tests.test_brew_installability.TestBrewCaskInstallability" name="test_get_brew_cask_name_from_cache" time="0.001" /><testcase classname="tests.test_brew_installability.TestBrewCaskInstallability" name="test_get_brew_cask_name_no_match" time="0.001" /><testcase classname="tests.test_brew_installability.TestBrewCaskInstallability" name="test_get_brew_cask_name_search_match" time="0.001" /><testcase classname="tests.test_brew_installability.TestBrewCaskInstallability" name="test_is_brew_cask_installable_error" time="1.030" /><testcase classname="tests.test_brew_installability.TestBrewCaskInstallability" name="test_is_brew_cask_installable_found" time="0.081" /><testcase classname="tests.test_brew_installability.TestBrewCaskInstallability" name="test_is_brew_cask_installable_not_found" time="0.881" /><testcase classname="tests.test_brew_installability.TestBrewCaskInstallability" name="test_is_brew_cask_installable_with_cache" time="0.001" /><testcase classname="tests.test_cache.TestCache" name="test_clear_cache_all" time="0.003" /><testcase classname="tests.test_cache.TestCache" name="test_clear_cache_exception" time="0.002" /><testcase classname="tests.test_cache.TestCache" name="test_clear_cache_specific" time="0.002" /><testcase classname="tests.test_cache.TestCache" name="test_ensure_cache_dir" time="0.001" /><testcase classname="tests.test_cache.TestCache" name="test_ensure_cache_dir_already_exists" time="0.001" /><testcase classname="tests.test_cache.TestCache" name="test_ensure_cache_dir_error" time="0.001" /><testcase classname="tests.test_cache.TestCache" name="test_read_cache_exception" time="0.001" /><testcase classname="tests.test_cache.TestCache" name="test_read_cache_expired" time="0.001" /><testcase classname="tests.test_cache.TestCache" name="test_read_cache_invalid_json" time="0.002" /><testcase classname="tests.test_cache.TestCache" name="test_read_cache_not_exists" time="0.001" /><testcase classname="tests.test_cache.TestCache" name="test_read_cache_valid" time="0.002" /><testcase classname="tests.test_cache.TestCache" name="test_write_cache_exception" time="0.001" /><testcase classname="tests.test_cache.TestCache" name="test_write_cache_success" time="0.002" /><testcase classname="tests.test_cli.TestCLI" name="test_additional_dirs_option" time="0.002" /><testcase classname="tests.test_cli.TestCLI" name="test_apps_flag" time="0.001" /><testcase classname="tests.test_cli.TestCLI" name="test_blacklist_option" time="0.001" /><testcase classname="tests.test_cli.TestCLI" name="test_brews_flag" time="0.001" /><testcase classname="tests.test_cli.TestCLI" name="test_combined_options" time="0.001" /><testcase classname="tests.test_cli.TestCLI" name="test_debug_option" time="0.001" /><testcase classname="tests.test_cli.TestCLI" name="test_default_args" time="0.001" /><testcase classname="tests.test_cli.TestCLI" name="test_max_workers_option" time="0.001" /><testcase classname="tests.test_cli.TestCLI" name="test_no_progress_flag" time="0.001" /><testcase classname="tests.test_cli.TestCLI" name="test_rate_limit_option" time="0.001" /><testcase classname="tests.test_cli.TestCLI" name="test_recommend_flag" time="0.001" /><testcase classname="tests.test_cli.TestCLI" name="test_similarity_option" time="0.001" /><testcase classname="tests.test_cli.TestCLI" name="test_strict_recommend_flag" time="0.001" /><testcase classname="tests.test_config.TestConfig" name="test_env_api_rate_limit" time="0.088" /><testcase classname="tests.test_config.TestConfig" name="test_env_blacklist" time="0.082" /><testcase classname="tests.test_config.TestConfig" name="test_env_debug" time="0.085" /><testcase classname="tests.test_config.TestConfig" name="test_init_default_values" time="0.083" /><testcase classname="tests.test_config.TestConfig" name="test_is_blacklisted" time="0.082" /><testcase classname="tests.test_config.TestConfig" name="test_set_get" time="0.081" /><testcase classname="tests.test_config_yaml.TestConfigFile" name="test_custom_config_path" time="0.082" /><testcase classname="tests.test_config_yaml.TestConfigFile" name="test_env_vars_override_file" time="0.085" /><testcase classname="tests.test_config_yaml.TestConfigFile" name="test_generate_default_config" time="0.088" /><testcase classname="tests.test_config_yaml.TestConfigFile" name="test_load_from_yaml_file" time="0.084" /><testcase classname="tests.test_config_yaml.TestConfigFile" name="test_load_nonexistent_file" time="0.083" /><testcase classname="tests.test_export.TestExport" name="test_export_data_csv" time="0.000" /><testcase classname="tests.test_export.TestExport" name="test_export_data_empty" time="0.000" /><testcase classname="tests.test_export.TestExport" name="test_export_data_general_error" time="0.001" /><testcase classname="tests.test_export.TestExport" name="test_export_data_invalid_format" time="0.000" /><testcase classname="tests.test_export.TestExport" name="test_export_data_json" time="0.000" /><testcase classname="tests.test_export.TestExport" name="test_export_data_permission_error" time="0.001" /><testcase classname="tests.test_export.TestExport" name="test_export_data_with_filename" time="0.001" /><testcase classname="tests.test_export.TestExport" name="test_export_to_csv_error" time="0.001" /><testcase classname="tests.test_export.TestExport" name="test_export_to_csv_file" time="0.002" /><testcase classname="tests.test_export.TestExport" name="test_export_to_csv_file_error" time="0.000" /><testcase classname="tests.test_export.TestExport" name="test_export_to_csv_string" time="0.000" /><testcase classname="tests.test_export.TestExport" name="test_export_to_csv_with_dict_structure" time="0.000" /><testcase classname="tests.test_export.TestExport" name="test_export_to_csv_with_minimal_tuple" time="0.000" /><testcase classname="tests.test_export.TestExport" name="test_export_to_csv_with_version_status" time="0.000" /><testcase classname="tests.test_export.TestExport" name="test_export_to_json_error" time="0.000" /><testcase classname="tests.test_export.TestExport" name="test_export_to_json_file" time="0.003" /><testcase classname="tests.test_export.TestExport" name="test_export_to_json_file_error" time="0.001" /><testcase classname="tests.test_export.TestExport" name="test_export_to_json_string" time="0.000" /><testcase classname="tests.test_export.TestExport" name="test_export_to_json_with_version_status" time="0.000" /><testcase classname="tests.test_export.TestExport" name="test_export_to_json_with_version_status_enum" time="0.000" /><testcase classname="tests.test_homebrew.TestHomebrew" name="test_get_homebrew_casks_empty" time="0.001" /><testcase classname="tests.test_homebrew.TestHomebrew" name="test_get_homebrew_casks_error" time="0.001" /><testcase classname="tests.test_homebrew.TestHomebrew" name="test_get_homebrew_casks_network_error" time="0.001" /><testcase classname="tests.test_homebrew.TestHomebrew" name="test_get_homebrew_casks_success" time="0.001" /><testcase classname="tests.test_homebrew.TestHomebrew" name="test_get_homebrew_casks_timeout" time="0.001" /><testcase classname="tests.test_homebrew_advanced.TestHomebrewModule" name="test_batch_get_cask_info" time="0.003" /><testcase classname="tests.test_homebrew_advanced.TestHomebrewModule" name="test_clear_homebrew_cache" time="0.004" /><testcase classname="tests.test_homebrew_advanced.TestHomebrewModule" name="test_get_all_homebrew_casks_cached" time="0.002" /><testcase classname="tests.test_homebrew_advanced.TestHomebrewModule" name="test_get_all_homebrew_casks_uncached" time="0.003" /><testcase classname="tests.test_homebrew_advanced.TestHomebrewModule" name="test_get_cask_info_cached" time="0.001" /><testcase classname="tests.test_homebrew_advanced.TestHomebrewModule" name="test_get_cask_info_uncached" time="0.001" /><testcase classname="tests.test_homebrew_advanced.TestHomebrewModule" name="test_get_cask_version" time="0.001" /><testcase classname="tests.test_homebrew_advanced.TestHomebrewModule" name="test_get_cask_version_error" time="0.001" /><testcase classname="tests.test_homebrew_advanced.TestHomebrewModule" name="test_get_homebrew_path_apple_silicon" time="0.001" /><testcase classname="tests.test_homebrew_advanced.TestHomebrewModule" name="test_get_homebrew_path_fallback" time="0.001" /><testcase classname="tests.test_homebrew_advanced.TestHomebrewModule" name="test_get_homebrew_path_intel" time="0.001" /><testcase classname="tests.test_homebrew_advanced.TestHomebrewModule" name="test_get_homebrew_path_not_found" time="0.001" /><testcase classname="tests.test_homebrew_advanced.TestHomebrewModule" name="test_get_installed_homebrew_casks" time="0.001" /><testcase classname="tests.test_homebrew_advanced.TestHomebrewModule" name="test_get_outdated_homebrew_casks" time="0.001" /><testcase classname="tests.test_homebrew_advanced.TestHomebrewModule" name="test_is_homebrew_available_failure" time="0.001" /><testcase classname="tests.test_homebrew_advanced.TestHomebrewModule" name="test_is_homebrew_available_success" time="0.001" /><testcase classname="tests.test_homebrew_advanced.TestHomebrewModule" name="test_search_casks" time="0.002" /><testcase classname="tests.test_integration.TestIntegration" name="test_blacklist_functionality" time="2.481" /><testcase classname="tests.test_integration.TestIntegration" name="test_concurrent_operations" time="0.037" /><testcase classname="tests.test_integration.TestIntegration" name="test_configuration_edge_cases" time="0.003" /><testcase classname="tests.test_integration.TestIntegration" name="test_configuration_validation" time="0.000" /><testcase classname="tests.test_integration.TestIntegration" name="test_debug_mode_integration" time="0.004" /><testcase classname="tests.test_integration.TestIntegration" name="test_end_to_end_workflow_integration" time="0.006" /><testcase classname="tests.test_integration.TestIntegration" name="test_error_handling_integration" time="0.001" /><testcase classname="tests.test_integration.TestIntegration" name="test_export_format_integration" time="0.003" /><testcase classname="tests.test_integration.TestIntegration" name="test_github_badges_and_pipeline_integration" time="2.510" /><testcase classname="tests.test_integration.TestIntegration" name="test_homebrew_command_failures" time="0.001" /><testcase classname="tests.test_integration.TestIntegration" name="test_main_brews_workflow" time="0.001" /><testcase classname="tests.test_integration.TestIntegration" name="test_main_list_apps_workflow" time="0.003" /><testcase classname="tests.test_integration.TestIntegration" name="test_main_recommend_workflow" time="0.024" /><testcase classname="tests.test_integration.TestIntegration" name="test_main_strict_recommend_workflow" time="0.005" /><testcase classname="tests.test_integration.TestIntegration" name="test_malformed_version_handling" time="0.002" /><testcase classname="tests.test_integration.TestIntegration" name="test_memory_usage_optimization" time="0.049" /><testcase classname="tests.test_integration.TestIntegration" name="test_network_error_handling" time="0.001" /><testcase classname="tests.test_integration.TestIntegration" name="test_performance_with_large_dataset" time="0.044" /><testcase classname="tests.test_integration.TestIntegration" name="test_rate_limiting_integration" time="0.110" /><testcase classname="tests.test_integration.TestIntegration" name="test_timeout_handling" time="0.001" /><testcase classname="tests.test_integration.TestIntegration" name="test_unicode_application_names" time="0.003" /><testcase classname="tests.test_main.TestMain" name="test_get_status_color" time="0.001" /><testcase classname="tests.test_main.TestMain" name="test_get_status_icon_with_color" time="0.001" /><testcase classname="tests.test_main.TestMain" name="test_get_status_icon_without_color" time="0.000" /><testcase classname="tests.test_main.TestMain" name="test_handle_export_permission_error" time="0.001" /><testcase classname="tests.test_main.TestMain" name="test_handle_export_success" time="0.000" /><testcase classname="tests.test_main.TestMain" name="test_handle_export_value_error" time="0.001" /><testcase classname="tests.test_main.TestMain" name="test_setup_logging" time="0.001" /><testcase classname="tests.test_main.TestMain" name="test_suppress_console_warnings" time="0.002" /><testcase classname="tests.test_network_operations.TestNetworkOperations" name="test_check_latest_version_success" time="0.503" /><testcase classname="tests.test_network_operations.TestNetworkOperations" name="test_check_latest_version_timeout" time="0.503" /><testcase classname="tests.test_network_operations.TestNetworkOperations" name="test_check_latest_version_with_delay" time="0.503" /><testcase classname="tests.test_network_operations.TestNetworkOperations" name="test_check_multiple_casks" time="0.503" /><testcase classname="tests.test_network_operations.TestNetworkOperations" name="test_find_matching_cask_error" time="0.503" /><testcase classname="tests.test_network_operations.TestNetworkOperations" name="test_find_matching_cask_malformed" time="0.502" /><testcase classname="tests.test_network_operations.TestNetworkOperations" name="test_find_matching_cask_success" time="0.503" /><testcase classname="tests.test_network_operations.TestNetworkOperations" name="test_find_matching_cask_timeout" time="0.503" /><testcase classname="tests.test_network_operations.TestNetworkOperations" name="test_run_command_with_real_timeout" time="1.504" /><testcase classname="tests.test_outdated_handlers.TestUpdateConfigFromOptions" name="test_update_config_with_no_progress_true" time="0.001" /><testcase classname="tests.test_outdated_handlers.TestUpdateConfigFromOptions" name="test_update_config_with_no_progress_false" time="0.001" /><testcase classname="tests.test_outdated_handlers.TestUpdateConfigFromOptions" name="test_update_config_without_no_progress_attribute" time="0.001" /><testcase classname="tests.test_outdated_handlers.TestUpdateConfigFromOptions" name="test_update_config_without_set_method" time="0.001" /><testcase classname="tests.test_outdated_handlers.TestGetInstalledApplications" name="test_get_installed_applications_success" time="0.001" /><testcase classname="tests.test_outdated_handlers.TestGetInstalledApplications" name="test_get_installed_applications_permission_error" time="0.001" /><testcase classname="tests.test_outdated_handlers.TestGetInstalledApplications" name="test_get_installed_applications_timeout_error" time="0.001" /><testcase classname="tests.test_outdated_handlers.TestGetInstalledApplications" name="test_get_installed_applications_config_without_cmd" time="0.001" /><testcase classname="tests.test_outdated_handlers.TestGetHomebrewCasks" name="test_get_homebrew_casks_success" time="0.001" /><testcase classname="tests.test_outdated_handlers.TestGetHomebrewCasks" name="test_get_homebrew_casks_file_not_found" time="0.001" /><testcase classname="tests.test_outdated_handlers.TestGetHomebrewCasks" name="test_get_homebrew_casks_permission_error" time="0.001" /><testcase classname="tests.test_outdated_handlers.TestFilterApplications" name="test_filter_applications_exclude_brews" time="0.001" /><testcase classname="tests.test_outdated_handlers.TestFilterApplications" name="test_filter_applications_include_brews" time="0.000" /><testcase classname="tests.test_outdated_handlers.TestFilterApplications" name="test_filter_applications_filter_error" time="0.001" /><testcase classname="tests.test_outdated_handlers.TestCheckOutdatedApps" name="test_check_outdated_apps_success" time="0.001" /><testcase classname="tests.test_outdated_handlers.TestCheckOutdatedApps" name="test_check_outdated_apps_default_batch_size" time="0.001" /><testcase classname="tests.test_outdated_handlers.TestCheckOutdatedApps" name="test_check_outdated_apps_timeout_error" time="0.001" /><testcase classname="tests.test_outdated_handlers.TestCheckOutdatedApps" name="test_check_outdated_apps_network_error" time="0.001" /><testcase classname="tests.test_outdated_handlers.TestProcessOutdatedInfo" name="test_process_outdated_info_mixed_statuses" time="0.001" /><testcase classname="tests.test_outdated_handlers.TestProcessOutdatedInfo" name="test_process_outdated_info_empty_list" time="0.000" /><testcase classname="tests.test_outdated_handlers.TestProcessOutdatedInfo" name="test_process_outdated_info_missing_version_info" time="0.001" /><testcase classname="tests.test_outdated_handlers.TestProcessOutdatedInfo" name="test_process_outdated_info_sorting" time="0.001" /><testcase classname="tests.test_outdated_handlers.TestDisplayResults" name="test_display_results_with_data" time="0.001" /><testcase classname="tests.test_outdated_handlers.TestDisplayResults" name="test_display_results_empty_table" time="0.001" /><testcase classname="tests.test_outdated_handlers.TestDisplayResults" name="test_display_results_all_up_to_date" time="0.001" /><testcase classname="tests.test_outdated_handlers.TestDisplayResults" name="test_display_results_with_outdated" time="0.001" /><testcase classname="tests.test_outdated_handlers.TestExportData" name="test_export_data_success_with_output_file" time="0.000" /><testcase classname="tests.test_outdated_handlers.TestExportData" name="test_export_data_success_without_output_file" time="0.000" /><testcase classname="tests.test_outdated_handlers.TestExportData" name="test_export_data_without_output_file_attribute" time="0.000" /><testcase classname="tests.test_outdated_handlers.TestExportData" name="test_export_data_export_error" time="0.000" /><testcase classname="tests.test_outdated_handlers.TestHandleOutdatedCheck" name="test_handle_outdated_check_success_without_export" time="0.002" /><testcase classname="tests.test_outdated_handlers.TestHandleOutdatedCheck" name="test_handle_outdated_check_success_with_export" time="0.001" /><testcase classname="tests.test_outdated_handlers.TestHandleOutdatedCheck" name="test_handle_outdated_check_permission_error_apps" time="0.001" /><testcase classname="tests.test_outdated_handlers.TestHandleOutdatedCheck" name="test_handle_outdated_check_file_not_found_homebrew" time="0.001" /><testcase classname="tests.test_outdated_handlers.TestHandleOutdatedCheck" name="test_handle_outdated_check_timeout_error_check" time="0.001" /><testcase classname="tests.test_outdated_handlers.TestHandleOutdatedCheck" name="test_handle_outdated_check_export_error" time="0.002" /><testcase classname="tests.test_outdated_handlers.TestHandleOutdatedCheck" name="test_handle_outdated_check_config_error" time="0.001" /><testcase classname="tests.test_outdated_handlers.TestHandleOutdatedCheck" name="test_handle_outdated_check_keyboard_interrupt" time="0.001" /><testcase classname="tests.test_outdated_handlers.TestHandleOutdatedCheck" name="test_handle_outdated_check_unexpected_error_debug_mode" time="0.001" /><testcase classname="tests.test_outdated_handlers.TestHandleOutdatedCheck" name="test_handle_outdated_check_unexpected_error_no_debug" time="0.001" /><testcase classname="tests.test_outdated_handlers.TestErrorHandling" name="test_handle_timeout_error_apps" time="0.001" /><testcase classname="tests.test_outdated_handlers.TestErrorHandling" name="test_handle_permission_error_homebrew" time="0.001" /><testcase classname="tests.test_outdated_handlers.TestErrorHandling" name="test_handle_network_error_check" time="0.001" /><testcase classname="tests.test_parameterized_edge_cases" name="test_compare_versions_edge_cases[--0]" time="0.000" /><testcase classname="tests.test_parameterized_edge_cases" name="test_compare_versions_edge_cases[None-None-0]" time="0.000" /><testcase classname="tests.test_parameterized_edge_cases" name="test_compare_versions_edge_cases[None-1.0--1]" time="0.000" /><testcase classname="tests.test_parameterized_edge_cases" name="test_compare_versions_edge_cases[1.0-None-1]" time="0.000" /><testcase classname="tests.test_parameterized_edge_cases" name="test_compare_versions_edge_cases[-1.0--1]" time="0.000" /><testcase classname="tests.test_parameterized_edge_cases" name="test_compare_versions_edge_cases[1.0--1]" time="0.000" /><testcase classname="tests.test_parameterized_edge_cases" name="test_compare_versions_edge_cases[not a version-also not a version-0]" time="0.000" /><testcase classname="tests.test_parameterized_edge_cases" name="test_compare_versions_edge_cases[not a version-1.0--1]" time="0.000" /><testcase classname="tests.test_parameterized_edge_cases" name="test_compare_versions_edge_cases[1.0-not a version-1]" time="0.000" /><testcase classname="tests.test_parameterized_edge_cases" name="test_compare_versions_edge_cases[version 1.0-version 1.0-0]" time="0.009" /><testcase classname="tests.test_parameterized_edge_cases" name="test_compare_versions_edge_cases[version 1.0-version 1.1--1]" time="0.000" /><testcase classname="tests.test_parameterized_edge_cases" name="test_compare_versions_edge_cases[version  1.0-version 1.0-0]" time="0.000" /><testcase classname="tests.test_parameterized_edge_cases" name="test_compare_versions_edge_cases[VERSION 1.0-version 1.0-0]" time="0.000" /><testcase classname="tests.test_parameterized_edge_cases" name="test_compare_versions_edge_cases[1.0-alpha-1.0-beta--1]" time="0.003" /><testcase classname="tests.test_parameterized_edge_cases" name="test_compare_versions_edge_cases[1.0+build.1-1.0+build.2-0]" time="0.000" /><testcase classname="tests.test_parameterized_edge_cases" name="test_compare_versions_edge_cases[1.0-rc.1-1.0-rc.2--1]" time="0.000" /><testcase classname="tests.test_parameterized_edge_cases" name="test_compare_versions_edge_cases[1.0-rc.1-1.0--1]" time="0.000" /><testcase classname="tests.test_parameterized_edge_cases" name="test_compare_versions_edge_cases[1.0.0-alpha.beta-1.0.0-alpha.beta-0]" time="0.000" /><testcase classname="tests.test_parameterized_edge_cases" name="test_compare_versions_edge_cases[1.0.0-alpha.1-1.0.0-alpha.beta--1_0]" time="0.000" /><testcase classname="tests.test_parameterized_edge_cases" name="test_compare_versions_edge_cases[1.0.0-beta.11-1.0.0-beta.2-1]" time="0.000" /><testcase classname="tests.test_parameterized_edge_cases" name="test_compare_versions_edge_cases[1.0.0-beta.11-1.0.0-rc.1--1_0]" time="0.000" /><testcase classname="tests.test_parameterized_edge_cases" name="test_compare_versions_edge_cases[1-1.0.0.0-0]" time="0.001" /><testcase classname="tests.test_parameterized_edge_cases" name="test_compare_versions_edge_cases[1.0-1.0.0-0]" time="0.000" /><testcase classname="tests.test_parameterized_edge_cases" name="test_compare_versions_edge_cases[1.0.0-1.0.0.0-0]" time="0.000" /><testcase classname="tests.test_parameterized_edge_cases" name="test_compare_versions_edge_cases[1.2-1.2.0.0-0]" time="0.000" /><testcase classname="tests.test_parameterized_edge_cases" name="test_compare_versions_edge_cases[Firefox 91.0.2-Firefox 91.0.2-0]" time="0.000" /><testcase classname="tests.test_parameterized_edge_cases" name="test_compare_versions_edge_cases[Firefox 91.0.2-Firefox 92.0.0--1]" time="0.000" /><testcase classname="tests.test_parameterized_edge_cases" name="test_compare_versions_edge_cases[Chrome 94.0.4606.71-Chrome 94.0.4606.81--1]" time="0.000" /><testcase classname="tests.test_parameterized_edge_cases" name="test_compare_versions_edge_cases[Google Chrome 94-Google Chrome 94.0.4606.81-0]" time="0.000" /><testcase classname="tests.test_parameterized_edge_cases" name="test_compare_versions_edge_cases[999999.999999.999999-999999.999999.999999-0]" time="0.000" /><testcase classname="tests.test_parameterized_edge_cases" name="test_compare_versions_edge_cases[0.0.0-0.0.0-0]" time="0.000" /><testcase classname="tests.test_parameterized_edge_cases" name="test_compare_versions_edge_cases[0.0.0-0.0.1--1]" time="0.000" /><testcase classname="tests.test_parameterized_edge_cases" name="test_compare_versions_edge_cases[1-0-0-1.0.0-0]" time="0.000" /><testcase classname="tests.test_parameterized_edge_cases" name="test_compare_versions_edge_cases[1_0_0-1.0.0-0]" time="0.001" /><testcase classname="tests.test_parameterized_edge_cases" name="test_compare_versions_edge_cases[1/0/0-1.0.0-0]" time="0.000" /><testcase classname="tests.test_parameterized_edge_cases" name="test_compare_versions_edge_cases[2021.05-2021.06--1]" time="0.000" /><testcase classname="tests.test_parameterized_edge_cases" name="test_compare_versions_edge_cases[r20210501-r20210601--1]" time="0.000" /><testcase classname="tests.test_parameterized_edge_cases" name="test_compare_versions_edge_cases[v2.3.0-v2.3.1--1]" time="0.000" /><testcase classname="tests.test_parameterized_edge_cases" name="test_compare_versions_edge_cases[Version 1.2-Version 1.3--1]" time="0.000" /><testcase classname="tests.test_parameterized_edge_cases" name="test_compare_versions_edge_cases[1.2.3.4.5-1.2.3.4.5-0]" time="0.000" /><testcase classname="tests.test_parameterized_edge_cases" name="test_compare_versions_edge_cases[1.2.3.4.5-1.2.3.4.6--1]" time="0.000" /><testcase classname="tests.test_parameterized_edge_cases" name="test_compare_versions_edge_cases[1.2.3.4.5-1.2.3.5.1--1]" time="0.000" /><testcase classname="tests.test_parameterized_edge_cases" name="test_compare_versions_edge_cases[1.02.0-1.2.0-0]" time="0.000" /><testcase classname="tests.test_parameterized_edge_cases" name="test_compare_versions_edge_cases[01.2.3-1.2.3-0]" time="0.000" /><testcase classname="tests.test_parameterized_edge_cases" name="test_compare_versions_edge_cases[1.2.03-1.2.3-0]" time="0.000" /><testcase classname="tests.test_parameterized_edge_cases" name="test_compare_versions_edge_cases[1.0.0-\u03b1-1.0.0-\u03b2--1]" time="0.000" /><testcase classname="tests.test_parameterized_edge_cases" name="test_compare_versions_edge_cases[1.0.0-\u03b1-1.0.0-\u03b1-0]" time="0.000" /><testcase classname="tests.test_parameterized_edge_cases" name="test_compare_versions_edge_cases[1.10-1.1.0-1]" time="0.000" /><testcase classname="tests.test_parameterized_edge_cases" name="test_compare_versions_edge_cases[1.1-1.01-0]" time="0.000" /><testcase classname="tests.test_parameterized_edge_cases" name="test_compare_versions_edge_cases[1.0.0-final-1.0.0--1]" time="0.000" /><testcase classname="tests.test_parameterized_edge_cases" name="test_compare_versions_edge_cases[2021.1-10.1-1]" time="0.000" /><testcase classname="tests.test_parameterized_edge_cases" name="test_compare_versions_edge_cases[20.1-2020.1--1]" time="0.000" /><testcase classname="tests.test_parameterized_edge_cases" name="test_compare_versions_edge_cases[v1.0 build 1234-v1.0 build 1235--1]" time="0.000" /><testcase classname="tests.test_parameterized_edge_cases" name="test_compare_versions_edge_cases[1.0 (1234)-1.0 (1235)--1]" time="0.000" /><testcase classname="tests.test_parameterized_edge_cases" name="test_compare_versions_edge_cases[1.0-dev-1234-1.0-dev-1235--1]" time="0.000" /><testcase classname="tests.test_parameterized_edge_cases" name="test_compare_versions_edge_cases[1.0.0-alpha-1.0.0-alpha.1--1]" time="0.000" /><testcase classname="tests.test_parameterized_edge_cases" name="test_compare_versions_edge_cases[1.0.0-alpha.1-1.0.0-alpha.beta--1_1]" time="0.000" /><testcase classname="tests.test_parameterized_edge_cases" name="test_compare_versions_edge_cases[1.0.0-alpha.beta-1.0.0-beta--1]" time="0.000" /><testcase classname="tests.test_parameterized_edge_cases" name="test_compare_versions_edge_cases[1.0.0-beta-1.0.0-beta.2--1]" time="0.000" /><testcase classname="tests.test_parameterized_edge_cases" name="test_compare_versions_edge_cases[1.0.0-beta.2-1.0.0-beta.11--1]" time="0.000" /><testcase classname="tests.test_parameterized_edge_cases" name="test_compare_versions_edge_cases[1.0.0-beta.11-1.0.0-rc.1--1_1]" time="0.000" /><testcase classname="tests.test_parameterized_edge_cases" name="test_compare_versions_edge_cases[1.0.0-rc.1-1.0.0--1]" time="0.000" /><testcase classname="tests.test_parameterized_edge_cases" name="test_parse_version_edge_cases[-expected_tuple0]" time="0.000" /><testcase classname="tests.test_parameterized_edge_cases" name="test_parse_version_edge_cases[None-None]" time="0.000" /><testcase classname="tests.test_parameterized_edge_cases" name="test_parse_version_edge_cases[not a version-expected_tuple2]" time="0.000" /><testcase classname="tests.test_parameterized_edge_cases" name="test_parse_version_edge_cases[version without numbers-expected_tuple3]" time="0.000" /><testcase classname="tests.test_parameterized_edge_cases" name="test_parse_version_edge_cases[version 1.0-expected_tuple4]" time="0.000" /><testcase classname="tests.test_parameterized_edge_cases" name="test_parse_version_edge_cases[version  1.0-expected_tuple5]" time="0.000" /><testcase classname="tests.test_parameterized_edge_cases" name="test_parse_version_edge_cases[VERSION 1.0-expected_tuple6]" time="0.000" /><testcase classname="tests.test_parameterized_edge_cases" name="test_parse_version_edge_cases[ver. 1.0-expected_tuple7]" time="0.000" /><testcase classname="tests.test_parameterized_edge_cases" name="test_parse_version_edge_cases[1.0-alpha-expected_tuple8]" time="0.000" /><testcase classname="tests.test_parameterized_edge_cases" name="test_parse_version_edge_cases[1.0+build.1-expected_tuple9]" time="0.000" /><testcase classname="tests.test_parameterized_edge_cases" name="test_parse_version_edge_cases[1.0-rc.1-expected_tuple10]" time="0.000" /><testcase classname="tests.test_parameterized_edge_cases" name="test_parse_version_edge_cases[1.0.0-alpha.beta-expected_tuple11]" time="0.000" /><testcase classname="tests.test_parameterized_edge_cases" name="test_parse_version_edge_cases[1.0.0-alpha.1-expected_tuple12]" time="0.000" /><testcase classname="tests.test_parameterized_edge_cases" name="test_parse_version_edge_cases[1.0.0-beta.11-expected_tuple13]" time="0.000" /><testcase classname="tests.test_parameterized_edge_cases" name="test_parse_version_edge_cases[1-expected_tuple14]" time="0.000" /><testcase classname="tests.test_parameterized_edge_cases" name="test_parse_version_edge_cases[1.0-expected_tuple15]" time="0.000" /><testcase classname="tests.test_parameterized_edge_cases" name="test_parse_version_edge_cases[1.0.0-expected_tuple16]" time="0.000" /><testcase classname="tests.test_parameterized_edge_cases" name="test_parse_version_edge_cases[1.0.0.0-expected_tuple17]" time="0.000" /><testcase classname="tests.test_parameterized_edge_cases" name="test_parse_version_edge_cases[1.2-expected_tuple18]" time="0.000" /><testcase classname="tests.test_parameterized_edge_cases" name="test_parse_version_edge_cases[1.2.0-expected_tuple19]" time="0.000" /><testcase classname="tests.test_parameterized_edge_cases" name="test_parse_version_edge_cases[Firefox 91.0.2-expected_tuple20]" time="0.000" /><testcase classname="tests.test_parameterized_edge_cases" name="test_parse_version_edge_cases[Chrome 94.0.4606.71-expected_tuple21]" time="0.000" /><testcase classname="tests.test_parameterized_edge_cases" name="test_parse_version_edge_cases[Google Chrome 94-expected_tuple22]" time="0.000" /><testcase classname="tests.test_parameterized_edge_cases" name="test_parse_version_edge_cases[999999.999999.999999-expected_tuple23]" time="0.000" /><testcase classname="tests.test_parameterized_edge_cases" name="test_parse_version_edge_cases[0.0.0-expected_tuple24]" time="0.000" /><testcase classname="tests.test_parameterized_edge_cases" name="test_parse_version_edge_cases[1-0-0-expected_tuple25]" time="0.000" /><testcase classname="tests.test_parameterized_edge_cases" name="test_parse_version_edge_cases[1_0_0-expected_tuple26]" time="0.000" /><testcase classname="tests.test_parameterized_edge_cases" name="test_parse_version_edge_cases[1/0/0-expected_tuple27]" time="0.000" /><testcase classname="tests.test_parameterized_edge_cases" name="test_parse_version_edge_cases[2021.05-expected_tuple28]" time="0.000" /><testcase classname="tests.test_parameterized_edge_cases" name="test_parse_version_edge_cases[r20210501-expected_tuple29]" time="0.000" /><testcase classname="tests.test_parameterized_edge_cases" name="test_parse_version_edge_cases[v2.3.0-expected_tuple30]" time="0.000" /><testcase classname="tests.test_parameterized_edge_cases" name="test_parse_version_edge_cases[Version 1.2-expected_tuple31]" time="0.000" /><testcase classname="tests.test_parameterized_edge_cases" name="test_parse_version_edge_cases[1.2.3.4.5-expected_tuple32]" time="0.000" /><testcase classname="tests.test_parameterized_edge_cases" name="test_parse_version_edge_cases[1.02.0-expected_tuple33]" time="0.000" /><testcase classname="tests.test_parameterized_edge_cases" name="test_parse_version_edge_cases[01.2.3-expected_tuple34]" time="0.000" /><testcase classname="tests.test_parameterized_edge_cases" name="test_parse_version_edge_cases[1.2.03-expected_tuple35]" time="0.000" /><testcase classname="tests.test_parameterized_edge_cases" name="test_parse_version_edge_cases[1.0.0-\u03b1-expected_tuple36]" time="0.000" /><testcase classname="tests.test_parameterized_edge_cases" name="test_parse_version_edge_cases[v1.0 build 1234-expected_tuple37]" time="0.000" /><testcase classname="tests.test_parameterized_edge_cases" name="test_parse_version_edge_cases[1.0 (1234)-expected_tuple38]" time="0.000" /><testcase classname="tests.test_parameterized_edge_cases" name="test_parse_version_edge_cases[1.0-dev-1234-expected_tuple39]" time="0.000" /><testcase classname="tests.test_parameterized_edge_cases" name="test_parse_version_edge_cases[1.9999999999.3-expected_tuple40]" time="0.000" /><testcase classname="tests.test_parameterized_edge_cases" name="test_parse_version_edge_cases[1.0.0-20210501-expected_tuple41]" time="0.000" /><testcase classname="tests.test_parameterized_edge_cases" name="test_parse_version_edge_cases[1.beta.0-expected_tuple42]" time="0.000" /><testcase classname="tests.test_parameterized_edge_cases" name="test_parse_version_edge_cases[1.0.beta-expected_tuple43]" time="0.001" /><testcase classname="tests.test_parameterized_edge_cases" name="test_parse_version_edge_cases[9999999999999999999999999999999999999999999999999999999999999999999999999999999999999999999999999999.0.0-expected_tuple44]" time="0.000" /><testcase classname="tests.test_parameterized_edge_cases" name="test_version_difference_edge_cases[--expected_difference0]" time="0.000" /><testcase classname="tests.test_parameterized_edge_cases" name="test_version_difference_edge_cases[None-None-None]" time="0.000" /><testcase classname="tests.test_parameterized_edge_cases" name="test_version_difference_edge_cases[None-1.0-None]" time="0.000" /><testcase classname="tests.test_parameterized_edge_cases" name="test_version_difference_edge_cases[1.0-None-None]" time="0.000" /><testcase classname="tests.test_parameterized_edge_cases" name="test_version_difference_edge_cases[not a version-also not a version-expected_difference4]" time="0.000" /><testcase classname="tests.test_parameterized_edge_cases" name="test_version_difference_edge_cases[not a version-1.0-None]" time="0.000" /><testcase classname="tests.test_parameterized_edge_cases" name="test_version_difference_edge_cases[1.0-not a version-None]" time="0.000" /><testcase classname="tests.test_parameterized_edge_cases" name="test_version_difference_edge_cases[1.0-1.0.0-expected_difference7]" time="0.001" /><testcase classname="tests.test_parameterized_edge_cases" name="test_version_difference_edge_cases[v1.0-1.0-expected_difference8]" time="0.000" /><testcase classname="tests.test_parameterized_edge_cases" name="test_version_difference_edge_cases[Version 1.0-v1.0-expected_difference9]" time="0.000" /><testcase classname="tests.test_parameterized_edge_cases" name="test_version_difference_edge_cases[1.0.0-1.0.1-expected_difference10]" time="0.000" /><testcase classname="tests.test_parameterized_edge_cases" name="test_version_difference_edge_cases[1.0.0-1.1.0-expected_difference11]" time="0.000" /><testcase classname="tests.test_parameterized_edge_cases" name="test_version_difference_edge_cases[1.0.0-2.0.0-expected_difference12]" time="0.000" /><testcase classname="tests.test_parameterized_edge_cases" name="test_version_difference_edge_cases[1.2.3-3.2.1-expected_difference13]" time="0.000" /><testcase classname="tests.test_parameterized_edge_cases" name="test_version_difference_edge_cases[1.2.3-1.3.2-expected_difference14]" time="0.000" /><testcase classname="tests.test_parameterized_edge_cases" name="test_version_difference_edge_cases[1.2.3.4-1.2.3.5-expected_difference15]" time="0.000" /><testcase classname="tests.test_parameterized_edge_cases" name="test_version_difference_edge_cases[1.2.3.4-1.2.4.4-expected_difference16]" time="0.000" /><testcase classname="tests.test_parameterized_edge_cases" name="test_version_difference_edge_cases[1.0.0-999.0.0-expected_difference17]" time="0.000" /><testcase classname="tests.test_parameterized_edge_cases" name="test_version_difference_edge_cases[1.0.0-1.999.0-expected_difference18]" time="0.000" /><testcase classname="tests.test_parameterized_edge_cases" name="test_version_difference_edge_cases[1.0.0-alpha-1.0.0-beta-expected_difference19]" time="0.000" /><testcase classname="tests.test_parameterized_edge_cases" name="test_version_difference_edge_cases[1.0.0+build.1-1.0.0+build.2-expected_difference20]" time="0.000" /><testcase classname="tests.test_parameterized_edge_cases" name="test_version_difference_edge_cases[2021.05-2021.06-expected_difference21]" time="0.000" /><testcase classname="tests.test_parameterized_edge_cases" name="test_version_difference_edge_cases[r20210501-r20210601-expected_difference22]" time="0.000" /><testcase classname="tests.test_parameterized_edge_cases" name="test_version_status_edge_cases[None-None-VersionStatus.UNKNOWN]" time="0.000" /><testcase classname="tests.test_parameterized_edge_cases" name="test_version_status_edge_cases[--VersionStatus.UP_TO_DATE]" time="0.000" /><testcase classname="tests.test_parameterized_edge_cases" name="test_version_status_edge_cases[None-1.0-VersionStatus.UNKNOWN]" time="0.000" /><testcase classname="tests.test_parameterized_edge_cases" name="test_version_status_edge_cases[1.0-None-VersionStatus.UNKNOWN]" time="0.000" /><testcase classname="tests.test_parameterized_edge_cases" name="test_version_status_edge_cases[not a version-also not a version-VersionStatus.UNKNOWN]" time="0.000" /><testcase classname="tests.test_parameterized_edge_cases" name="test_version_status_edge_cases[not a version-1.0-VersionStatus.UNKNOWN]" time="0.000" /><testcase classname="tests.test_parameterized_edge_cases" name="test_version_status_edge_cases[1.0-1.0-VersionStatus.UP_TO_DATE]" time="0.000" /><testcase classname="tests.test_parameterized_edge_cases" name="test_version_status_edge_cases[1.0-1.1-VersionStatus.OUTDATED]" time="0.001" /><testcase classname="tests.test_parameterized_edge_cases" name="test_version_status_edge_cases[1.1-1.0-VersionStatus.NEWER]" time="0.000" /><testcase classname="tests.test_parameterized_edge_cases" name="test_version_status_edge_cases[v1.0-1.0-VersionStatus.UP_TO_DATE]" time="0.000" /><testcase classname="tests.test_parameterized_edge_cases" name="test_version_status_edge_cases[Version 1.0-v1.0-VersionStatus.UP_TO_DATE]" time="0.000" /><testcase classname="tests.test_parameterized_edge_cases" name="test_version_status_edge_cases[1.0.0-alpha-1.0.0-VersionStatus.OUTDATED]" time="0.000" /><testcase classname="tests.test_parameterized_edge_cases" name="test_version_status_edge_cases[1.0.0-1.0.0-alpha-VersionStatus.NEWER]" time="0.000" /><testcase classname="tests.test_parameterized_edge_cases" name="test_version_status_edge_cases[1.0.0-alpha-1.0.0-beta-VersionStatus.OUTDATED]" time="0.001" /><testcase classname="tests.test_parameterized_edge_cases" name="test_version_status_edge_cases[1.0.0+build.1-1.0.0+build.2-VersionStatus.UP_TO_DATE]" time="0.000" /><testcase classname="tests.test_parameterized_edge_cases" name="test_version_status_edge_cases[Firefox 91.0.2-Firefox 92.0.0-VersionStatus.OUTDATED]" time="0.000" /><testcase classname="tests.test_parameterized_edge_cases" name="test_version_status_edge_cases[Chrome 94.0.4606.71-Chrome 94.0.4606.81-VersionStatus.OUTDATED]" time="0.001" /><testcase classname="tests.test_parameterized_edge_cases" name="test_version_status_edge_cases[2021.05-2021.06-VersionStatus.OUTDATED]" time="0.000" /><testcase classname="tests.test_parameterized_edge_cases" name="test_version_status_edge_cases[r20210501-r20210601-VersionStatus.OUTDATED]" time="0.000" /><testcase classname="tests.test_parameterized_edge_cases" name="test_version_status_edge_cases[v2.3.0-v2.3.1-VersionStatus.OUTDATED]" time="0.001" /><testcase classname="tests.test_parameterized_edge_cases" name="test_version_difference_components_edge_cases[1.0.0-1.0.0-0-0-0]" time="0.000" /><testcase classname="tests.test_parameterized_edge_cases" name="test_version_difference_components_edge_cases[1.0.0-2.0.0--1-0-0]" time="0.000" /><testcase classname="tests.test_parameterized_edge_cases" name="test_version_difference_components_edge_cases[2.0.0-1.0.0-1-0-0]" time="0.000" /><testcase classname="tests.test_parameterized_edge_cases" name="test_version_difference_components_edge_cases[1.0.0-1.1.0-0--1-0]" time="0.000" /><testcase classname="tests.test_parameterized_edge_cases" name="test_version_difference_components_edge_cases[1.1.0-1.0.0-0-1-0]" time="0.000" /><testcase classname="tests.test_parameterized_edge_cases" name="test_version_difference_components_edge_cases[1.0.0-1.0.1-0-0--1]" time="0.000" /><testcase classname="tests.test_parameterized_edge_cases" name="test_version_difference_components_edge_cases[1.0.1-1.0.0-0-0-1]" time="0.000" /><testcase classname="tests.test_parameterized_edge_cases" name="test_version_difference_components_edge_cases[1.2.3-2.3.4--1--1--1]" time="0.000" /><testcase classname="tests.test_parameterized_edge_cases" name="test_version_difference_components_edge_cases[2.3.4-1.2.3-1-1-1]" time="0.000" /><testcase classname="tests.test_parameterized_edge_cases" name="test_version_difference_components_edge_cases[1.0.0-999.0.0--998-0-0]" time="0.000" /><testcase classname="tests.test_parameterized_edge_cases" name="test_version_difference_components_edge_cases[1.0.0-1.999.0-0--999-0]" time="0.000" /><testcase classname="tests.test_parameterized_edge_cases" name="test_version_difference_components_edge_cases[1.0.0-1.0.999-0-0--999]" time="0.000" /><testcase classname="tests.test_parameterized_edge_cases" name="test_version_difference_components_edge_cases[v1.0.0-1.0.0-0-0-0]" time="0.000" /><testcase classname="tests.test_parameterized_edge_cases" name="test_version_difference_components_edge_cases[Version 1.0.0-v1.0.0-0-0-0]" time="0.000" /><testcase classname="tests.test_parameterized_edge_cases" name="test_version_difference_components_edge_cases[1-2.0.0--1-0-0]" time="0.000" /><testcase classname="tests.test_parameterized_edge_cases" name="test_version_difference_components_edge_cases[1.0-1.1.0-0--1-0]" time="0.000" /><testcase classname="tests.test_parameterized_version" name="test_compare_versions[1.0.0-1.0.0-0]" time="0.000" /><testcase classname="tests.test_parameterized_version" name="test_compare_versions[1.0.0-1.0.1--1]" time="0.000" /><testcase classname="tests.test_parameterized_version" name="test_compare_versions[1.0.1-1.0.0-1]" time="0.000" /><testcase classname="tests.test_parameterized_version" name="test_compare_versions[1.1.0-1.0.0-1]" time="0.000" /><testcase classname="tests.test_parameterized_version" name="test_compare_versions[1.0.0-2.0.0--1]" time="0.000" /><testcase classname="tests.test_parameterized_version" name="test_compare_versions[2.0.0-1.0.0-1]" time="0.000" /><testcase classname="tests.test_parameterized_version" name="test_compare_versions[1.0-1.0.0-0]" time="0.000" /><testcase classname="tests.test_parameterized_version" name="test_compare_versions[1-1.0.0-0]" time="0.000" /><testcase classname="tests.test_parameterized_version" name="test_compare_versions[1.0.0-1-0]" time="0.000" /><testcase classname="tests.test_parameterized_version" name="test_compare_versions[1.1-1.0.0-1]" time="0.000" /><testcase classname="tests.test_parameterized_version" name="test_compare_versions[1.0.0-1.1--1]" time="0.000" /><testcase classname="tests.test_parameterized_version" name="test_compare_versions[1.0.0-beta-1.0.0--1]" time="0.000" /><testcase classname="tests.test_parameterized_version" name="test_compare_versions[1.0.0-1.0.0-beta-1]" time="0.000" /><testcase classname="tests.test_parameterized_version" name="test_compare_versions[1.0.0-alpha-1.0.0-beta--1]" time="0.000" /><testcase classname="tests.test_parameterized_version" name="test_compare_versions[1.0.0-beta.2-1.0.0-beta.1-1]" time="0.000" /><testcase classname="tests.test_parameterized_version" name="test_compare_versions[1.0.0+build.1-1.0.0+build.2-0]" time="0.000" /><testcase classname="tests.test_parameterized_version" name="test_compare_versions[1.0.0+build.1-1.0.0-0]" time="0.000" /><testcase classname="tests.test_parameterized_version" name="test_compare_versions[12.3.1-12.4--1]" time="0.000" /><testcase classname="tests.test_parameterized_version" name="test_compare_versions[10.15.7-11.0--1]" time="0.000" /><testcase classname="tests.test_parameterized_version" name="test_compare_versions[11.2.3-11.2.3-0]" time="0.000" /><testcase classname="tests.test_parameterized_version" name="test_compare_versions[Firefox 91.0.2-Firefox 92.0--1]" time="0.000" /><testcase classname="tests.test_parameterized_version" name="test_compare_versions[Chrome 94.0.4606.71-Chrome 94.0.4606.81--1]" time="0.000" /><testcase classname="tests.test_parameterized_version" name="test_compare_versions[Visual Studio Code 1.60.0-Visual Studio Code 1.60.2--1]" time="0.000" /><testcase classname="tests.test_parameterized_version" name="test_compare_versions[2021.05-2021.06--1]" time="0.000" /><testcase classname="tests.test_parameterized_version" name="test_compare_versions[v2.3.0-v2.3.1--1]" time="0.000" /><testcase classname="tests.test_parameterized_version" name="test_compare_versions[Version 1.2-Version 1.3--1]" time="0.000" /><testcase classname="tests.test_parameterized_version" name="test_compare_versions[--0]" time="0.000" /><testcase classname="tests.test_parameterized_version" name="test_compare_versions[0-0-0]" time="0.000" /><testcase classname="tests.test_parameterized_version" name="test_compare_versions[0.0.0-0.0.0-0]" time="0.000" /><testcase classname="tests.test_parameterized_version" name="test_parse_version[1.0.0-expected_tuple0]" time="0.000" /><testcase classname="tests.test_parameterized_version" name="test_parse_version[2.3.4-expected_tuple1]" time="0.000" /><testcase classname="tests.test_parameterized_version" name="test_parse_version[0.1.0-expected_tuple2]" time="0.000" /><testcase classname="tests.test_parameterized_version" name="test_parse_version[1.0-expected_tuple3]" time="0.000" /><testcase classname="tests.test_parameterized_version" name="test_parse_version[1-expected_tuple4]" time="0.000" /><testcase classname="tests.test_parameterized_version" name="test_parse_version[v1.0.0-expected_tuple5]" time="0.000" /><testcase classname="tests.test_parameterized_version" name="test_parse_version[Version 2.3.4-expected_tuple6]" time="0.000" /><testcase classname="tests.test_parameterized_version" name="test_parse_version[1.0.0.1234-expected_tuple7]" time="0.000" /><testcase classname="tests.test_parameterized_version" name="test_parse_version[2.3.4-build.5678-expected_tuple8]" time="0.000" /><testcase classname="tests.test_parameterized_version" name="test_parse_version[1.0.0-beta-expected_tuple9]" time="0.000" /><testcase classname="tests.test_parameterized_version" name="test_parse_version[2.3.4-alpha.1-expected_tuple10]" time="0.000" /><testcase classname="tests.test_parameterized_version" name="test_parse_version[1.0.0-rc.2-expected_tuple11]" time="0.000" /><testcase classname="tests.test_parameterized_version" name="test_parse_version[Firefox 91.0.2-expected_tuple12]" time="0.000" /><testcase classname="tests.test_parameterized_version" name="test_parse_version[Chrome 94.0.4606.71-expected_tuple13]" time="0.000" /><testcase classname="tests.test_parameterized_version" name="test_parse_version[-expected_tuple14]" time="0.000" /><testcase classname="tests.test_parameterized_version" name="test_parse_version[no version-expected_tuple15]" time="0.000" /><testcase classname="tests.test_parameterized_version" name="test_parse_version[0-expected_tuple16]" time="0.000" /><testcase classname="tests.test_parameterized_version" name="test_get_version_difference[1.0.0-1.0.0-expected_difference0]" time="0.000" /><testcase classname="tests.test_parameterized_version" name="test_get_version_difference[1.0.0-1.0.1-expected_difference1]" time="0.000" /><testcase classname="tests.test_parameterized_version" name="test_get_version_difference[1.0.0-1.1.0-expected_difference2]" time="0.000" /><testcase classname="tests.test_parameterized_version" name="test_get_version_difference[1.0.0-2.0.0-expected_difference3]" time="0.000" /><testcase classname="tests.test_parameterized_version" name="test_get_version_difference[1.2.3-2.3.4-expected_difference4]" time="0.000" /><testcase classname="tests.test_parameterized_version" name="test_get_version_difference[3.2.1-1.2.3-expected_difference5]" time="0.000" /><testcase classname="tests.test_parameterized_version" name="test_get_version_difference[1.0-1.0.1-expected_difference6]" time="0.000" /><testcase classname="tests.test_parameterized_version" name="test_get_version_difference[1-1.1.0-expected_difference7]" time="0.000" /><testcase classname="tests.test_parameterized_version" name="test_get_version_difference[None-1.0.0-None]" time="0.000" /><testcase classname="tests.test_parameterized_version" name="test_get_version_difference[1.0.0-None-None]" time="0.000" /><testcase classname="tests.test_parameterized_version" name="test_get_version_difference[None-None-None]" time="0.000" /><testcase classname="tests.test_parameterized_version" name="test_version_status[1.0.0-1.0.0-VersionStatus.UP_TO_DATE]" time="0.000" /><testcase classname="tests.test_parameterized_version" name="test_version_status[1.0.0-1.0.1-VersionStatus.OUTDATED]" time="0.000" /><testcase classname="tests.test_parameterized_version" name="test_version_status[1.0.0-1.1.0-VersionStatus.OUTDATED]" time="0.001" /><testcase classname="tests.test_parameterized_version" name="test_version_status[1.0.0-2.0.0-VersionStatus.OUTDATED]" time="0.000" /><testcase classname="tests.test_parameterized_version" name="test_version_status[1.0.1-1.0.0-VersionStatus.NEWER]" time="0.000" /><testcase classname="tests.test_parameterized_version" name="test_version_status[1.1.0-1.0.0-VersionStatus.NEWER]" time="0.000" /><testcase classname="tests.test_parameterized_version" name="test_version_status[2.0.0-1.0.0-VersionStatus.NEWER]" time="0.000" /><testcase classname="tests.test_parameterized_version" name="test_version_status[None-1.0.0-VersionStatus.UNKNOWN]" time="0.000" /><testcase classname="tests.test_parameterized_version" name="test_version_status[1.0.0-None-VersionStatus.UNKNOWN]" time="0.000" /><testcase classname="tests.test_parameterized_version" name="test_version_status[None-None-VersionStatus.UNKNOWN]" time="0.000" /><testcase classname="tests.test_parameterized_version" name="test_version_status[-1.0.0-VersionStatus.UNKNOWN]" time="0.000" /><testcase classname="tests.test_parameterized_version" name="test_version_status[1.0.0--VersionStatus.UNKNOWN]" time="0.000" /><testcase classname="tests.test_parameterized_version" name="test_version_difference_components[1.0.0-1.0.0-0-0-0]" time="0.001" /><testcase classname="tests.test_parameterized_version" name="test_version_difference_components[1.0.0-2.0.0--1-0-0]" time="0.001" /><testcase classname="tests.test_parameterized_version" name="test_version_difference_components[2.0.0-1.0.0-1-0-0]" time="0.001" /><testcase classname="tests.test_parameterized_version" name="test_version_difference_components[1.0.0-1.1.0-0--1-0]" time="0.001" /><testcase classname="tests.test_parameterized_version" name="test_version_difference_components[1.1.0-1.0.0-0-1-0]" time="0.001" /><testcase classname="tests.test_parameterized_version" name="test_version_difference_components[1.0.0-1.0.1-0-0--1]" time="0.001" /><testcase classname="tests.test_parameterized_version" name="test_version_difference_components[1.0.1-1.0.0-0-0-1]" time="0.001" /><testcase classname="tests.test_parameterized_version" name="test_version_difference_components[1.2.3-2.3.4--1--1--1]" time="0.001" /><testcase classname="tests.test_parameterized_version" name="test_version_difference_components[2.3.4-1.2.3-1-1-1]" time="0.001" /><testcase classname="tests.test_profiling.TestFunctionTimingInfo" name="test_init_custom_values" time="0.000" /><testcase classname="tests.test_profiling.TestFunctionTimingInfo" name="test_init_default_values" time="0.000" /><testcase classname="tests.test_profiling.TestPerformanceProfiler" name="test_function_timings_attribute" time="0.000" /><testcase classname="tests.test_profiling.TestPerformanceProfiler" name="test_function_timings_dict" time="0.000" /><testcase classname="tests.test_profiling.TestPerformanceProfiler" name="test_get_stats_disabled" time="0.000" /><testcase classname="tests.test_profiling.TestPerformanceProfiler" name="test_get_stats_enabled" time="0.001" /><testcase classname="tests.test_profiling.TestPerformanceProfiler" name="test_init_disabled" time="0.000" /><testcase classname="tests.test_profiling.TestPerformanceProfiler" name="test_init_enabled" time="0.000" /><testcase classname="tests.test_profiling.TestPerformanceProfiler" name="test_print_report_method" time="0.000" /><testcase classname="tests.test_profiling.TestPerformanceProfiler" name="test_report_method" time="0.000" /><testcase classname="tests.test_profiling.TestPerformanceProfiler" name="test_start_stop" time="0.000" /><testcase classname="tests.test_profiling.TestPerformanceProfiler" name="test_time_function_decorator" time="0.000" /><testcase classname="tests.test_profiling.TestGlobalFunctions" name="test_enable_disable_profiling" time="0.000" /><testcase classname="tests.test_profiling.TestGlobalFunctions" name="test_generate_report" time="0.000" /><testcase classname="tests.test_profiling.TestGlobalFunctions" name="test_get_profiler" time="0.000" /><testcase classname="tests.test_profiling.TestGlobalFunctions" name="test_print_report_function" time="0.000" /><testcase classname="tests.test_project_consistency.TestProjectConsistency" name="test_python_version_consistency" time="0.022"><skipped type="pytest.skip" message="mypy.ini not found at /Users/thomas/Programming/versiontracker/mypy.ini">/Users/thomas/Programming/versiontracker/tests/test_project_consistency.py:33: mypy.ini not found at /Users/thomas/Programming/versiontracker/mypy.ini</skipped></testcase><testcase classname="tests.test_project_consistency.TestProjectConsistency" name="test_ci_python_versions" time="0.039" /><testcase classname="tests.test_project_consistency.TestProjectConsistency" name="test_coverage_configuration" time="0.000" /><testcase classname="tests.test_project_consistency.TestProjectConsistency" name="test_dependency_constraints" time="0.001" /><testcase classname="tests.test_project_consistency.TestProjectConsistency" name="test_current_python_version" time="0.000" /><testcase classname="te
[...]
 time="0.001" /><testcase classname="tests.test_utils_comprehensive.TestCacheHelpers" name="test_read_cache_file_valid_cache" time="0.001" /><testcase classname="tests.test_utils_comprehensive.TestCacheHelpers" name="test_read_cache_file_no_file" time="0.000" /><testcase classname="tests.test_utils_comprehensive.TestCacheHelpers" name="test_read_cache_file_expired" time="0.001" /><testcase classname="tests.test_utils_comprehensive.TestCacheHelpers" name="test_read_cache_file_json_error" time="0.001" /><testcase classname="tests.test_utils_comprehensive.TestCacheHelpers" name="test_write_cache_file_success" time="0.002" /><testcase classname="tests.test_utils_comprehensive.TestCacheHelpers" name="test_write_cache_file_error" time="0.002" /><testcase classname="tests.test_utils_comprehensive.TestGetJsonData" name="test_get_json_data_cache_hit" time="0.001" /><testcase classname="tests.test_utils_comprehensive.TestGetJsonData" name="test_get_json_data_cache_miss" time="0.001" /><testcase classname="tests.test_utils_comprehensive.TestGetJsonData" name="test_get_json_data_non_system_profiler" time="0.000" /><testcase classname="tests.test_utils_comprehensive.TestGetJsonData" name="test_get_json_data_command_failure" time="0.000" /><testcase classname="tests.test_utils_comprehensive.TestGetJsonData" name="test_get_json_data_empty_output" time="0.001" /><testcase classname="tests.test_utils_comprehensive.TestGetJsonData" name="test_get_json_data_invalid_json" time="0.001" /><testcase classname="tests.test_utils_comprehensive.TestGetJsonData" name="test_get_json_data_command_not_found" time="0.000" /><testcase classname="tests.test_utils_comprehensive.TestGetJsonData" name="test_get_json_data_permission_denied" time="0.000" /><testcase classname="tests.test_utils_comprehensive.TestGetJsonData" name="test_get_json_data_network_error" time="0.000" /><testcase classname="tests.test_utils_comprehensive.TestGetShellJsonData" name="test_get_shell_json_data_success" time="0.000" /><testcase classname="tests.test_utils_comprehensive.TestGetShellJsonData" name="test_get_shell_json_data_command_failure" time="0.000" /><testcase classname="tests.test_utils_comprehensive.TestGetShellJsonData" name="test_get_shell_json_data_invalid_json" time="0.001" /><testcase classname="tests.test_utils_comprehensive.TestGetShellJsonData" name="test_get_shell_json_data_timeout_error" time="0.000" /><testcase classname="tests.test_utils_comprehensive.TestGetShellJsonData" name="test_get_shell_json_data_permission_error" time="0.000" /><testcase classname="tests.test_utils_comprehensive.TestGetShellJsonData" name="test_get_shell_json_data_generic_exception" time="0.001" /><testcase classname="tests.test_utils_comprehensive.TestRunCommand" name="test_run_command_success" time="0.001" /><testcase classname="tests.test_utils_comprehensive.TestRunCommand" name="test_run_command_with_timeout" time="0.000" /><testcase classname="tests.test_utils_comprehensive.TestRunCommand" name="test_run_command_failure_with_stderr" time="0.000" /><testcase classname="tests.test_utils_comprehensive.TestRunCommand" name="test_run_command_homebrew_not_found" time="0.000" /><testcase classname="tests.test_utils_comprehensive.TestRunCommand" name="test_run_command_command_not_found" time="0.001" /><testcase classname="tests.test_utils_comprehensive.TestRunCommand" name="test_run_command_permission_denied" time="0.000" /><testcase classname="tests.test_utils_comprehensive.TestRunCommand" name="test_run_command_network_error" time="0.000" /><testcase classname="tests.test_utils_comprehensive.TestRunCommand" name="test_run_command_timeout_expired" time="0.000" /><testcase classname="tests.test_utils_comprehensive.TestRunCommand" name="test_run_command_timeout_kill_error" time="0.001" /><testcase classname="tests.test_utils_comprehensive.TestRunCommand" name="test_run_command_file_not_found_exception" time="0.000" /><testcase classname="tests.test_utils_comprehensive.TestRunCommand" name="test_run_command_permission_error_exception" time="0.000" /><testcase classname="tests.test_utils_comprehensive.TestRunCommand" name="test_run_command_subprocess_error" time="0.000" /><testcase classname="tests.test_utils_comprehensive.TestRunCommand" name="test_run_command_generic_network_exception" time="0.000" /><testcase classname="tests.test_utils_comprehensive.TestRunCommand" name="test_run_command_generic_exception" time="0.001" /><testcase classname="tests.test_utils_comprehensive.TestRunCommandOriginal" name="test_run_command_original_success" time="0.000" /><testcase classname="tests.test_utils_comprehensive.TestRunCommandOriginal" name="test_run_command_original_with_timeout" time="0.000" /><testcase classname="tests.test_utils_comprehensive.TestRunCommandOriginal" name="test_run_command_original_timeout_expired" time="0.000" /><testcase classname="tests.test_utils_comprehensive.TestRunCommandOriginal" name="test_run_command_original_permission_denied" time="0.000" /><testcase classname="tests.test_utils_comprehensive.TestRunCommandOriginal" name="test_run_command_original_command_not_found" time="0.000" /><testcase classname="tests.test_utils_comprehensive.TestRunCommandOriginal" name="test_run_command_original_file_not_found" time="0.000" /><testcase classname="tests.test_utils_comprehensive.TestRunCommandOriginal" name="test_run_command_original_network_error" time="0.000" /><testcase classname="tests.test_utils_comprehensive.TestRunCommandOriginal" name="test_run_command_original_generic_error" time="0.000" /><testcase classname="tests.test_utils_comprehensive.TestRunCommandOriginal" name="test_run_command_original_exception" time="0.000" /><testcase classname="tests.test_utils_comprehensive.TestGetUserAgent" name="test_get_user_agent" time="0.001" /><testcase classname="tests.test_utils_comprehensive.TestRateLimiter" name="test_rate_limiter_initialization" time="0.000" /><testcase classname="tests.test_utils_comprehensive.TestRateLimiter" name="test_rate_limiter_single_call" time="0.000" /><testcase classname="tests.test_utils_comprehensive.TestRateLimiter" name="test_rate_limiter_rate_limiting" time="0.001" /><testcase classname="tests.test_utils_comprehensive.TestRateLimiter" name="test_rate_limiter_timestamp_cleanup" time="0.000" /><testcase classname="tests.test_utils_comprehensive.TestRateLimiter" name="test_rate_limiter_thread_safety" time="0.001" /><testcase classname="tests.test_utils_comprehensive.TestRateLimiter" name="test_rate_limiter_multiple_calls_within_limit" time="0.001" /><testcase classname="tests.test_utils_comprehensive.TestRateLimiter" name="test_rate_limiter_lock_release_during_sleep" time="0.001" /><testcase classname="tests.test_utils_comprehensive.TestConstants" name="test_constants_exist" time="0.000" /><testcase classname="tests.test_utils_comprehensive.TestConstants" name="test_cache_file_path" time="0.000" /><testcase classname="tests.test_utils_comprehensive.TestConstants" name="test_system_profiler_command" time="0.000" /><testcase classname="tests.test_utils_comprehensive.TestEdgeCases" name="test_get_json_data_none_output" time="0.000" /><testcase classname="tests.test_utils_comprehensive.TestEdgeCases" name="test_normalise_name_unicode" time="0.000" /><testcase classname="tests.test_utils_comprehensive.TestEdgeCases" name="test_rate_limiter_zero_period" time="0.000" /><testcase classname="tests.test_utils_comprehensive.TestEdgeCases" name="test_rate_limiter_negative_period" time="0.000" /><testcase classname="tests.test_utils_comprehensive.TestEdgeCases" name="test_read_cache_file_missing_timestamp" time="0.002" /><testcase classname="tests.test_utils_comprehensive.TestEdgeCases" name="test_get_json_data_whitespace_only_output" time="0.000" /><testcase classname="tests.test_version" name="test_parse_version[1.2.3-expected0]" time="0.000" /><testcase classname="tests.test_version" name="test_parse_version[1.2-expected1]" time="0.000" /><testcase classname="tests.test_version" name="test_parse_version[1-expected2]" time="0.000" /><testcase classname="tests.test_version" name="test_parse_version[1.2.3-beta-expected3]" time="0.000" /><testcase classname="tests.test_version" name="test_parse_version[1.2.3+build.123-expected4]" time="0.000" /><testcase classname="tests.test_version" name="test_parse_version[1.2.3-beta+build.123-expected5]" time="0.000" /><testcase classname="tests.test_version" name="test_parse_version[1.2.3 (456)-expected6]" time="0.000" /><testcase classname="tests.test_version" name="test_parse_version[Version 1.2.3-expected7]" time="0.000" /><testcase classname="tests.test_version" name="test_parse_version[v1.2.3-expected8]" time="0.000" /><testcase classname="tests.test_version" name="test_parse_version[1.2.3.4-expected9]" time="0.000" /><testcase classname="tests.test_version" name="test_parse_version[2021.1.2-expected10]" time="0.000" /><testcase classname="tests.test_version" name="test_parse_version[1.2.3-rc1-expected11]" time="0.000" /><testcase classname="tests.test_version" name="test_parse_version[1.2.3.beta4-expected12]" time="0.000" /><testcase classname="tests.test_version" name="test_parse_version[10.15.7-expected13]" time="0.000" /><testcase classname="tests.test_version" name="test_parse_version[1.2.3d-expected14]" time="0.000" /><testcase classname="tests.test_version" name="test_parse_version[1.2.3rev2-expected15]" time="0.000" /><testcase classname="tests.test_version" name="test_parse_version[App v2.3.0 (build 1234)-expected16]" time="0.000" /><testcase classname="tests.test_version" name="test_parse_version[-expected17]" time="0.000" /><testcase classname="tests.test_version" name="test_parse_version[None-None]" time="0.000" /><testcase classname="tests.test_version" name="test_parse_version[non-version-string-expected19]" time="0.000" /><testcase classname="tests.test_version" name="test_compare_versions[1.2.3-1.2.3-0]" time="0.000" /><testcase classname="tests.test_version" name="test_compare_versions[1.2.3-1.2.4--1]" time="0.000" /><testcase classname="tests.test_version" name="test_compare_versions[1.2.3-1.2.2-1]" time="0.000" /><testcase classname="tests.test_version" name="test_compare_versions[1.2.3-1.3.0--1]" time="0.000" /><testcase classname="tests.test_version" name="test_compare_versions[2.0.0-1.9.9-1]" time="0.000" /><testcase classname="tests.test_version" name="test_compare_versions[version15-version25-0]" time="0.000" /><testcase classname="tests.test_version" name="test_compare_versions[version16-version26--1]" time="0.000" /><testcase classname="tests.test_version" name="test_compare_versions[version17-version27-1]" time="0.000" /><testcase classname="tests.test_version" name="test_compare_versions[1.2.3-version28-0]" time="0.000" /><testcase classname="tests.test_version" name="test_compare_versions[1.2.3-version29--1]" time="0.000" /><testcase classname="tests.test_version" name="test_compare_versions[version110-1.2.2-1]" time="0.000" /><testcase classname="tests.test_version" name="test_compare_versions[None-1.2.3--1]" time="0.000" /><testcase classname="tests.test_version" name="test_compare_versions[1.2.3-None-1]" time="0.000" /><testcase classname="tests.test_version" name="test_compare_versions[None-None-0]" time="0.000" /><testcase classname="tests.test_version" name="test_version_difference[v10-v20-expected0]" time="0.000" /><testcase classname="tests.test_version" name="test_version_difference[v11-v21-expected1]" time="0.000" /><testcase classname="tests.test_version" name="test_version_difference[v12-v22-expected2]" time="0.000" /><testcase classname="tests.test_version" name="test_version_difference[v13-v23-expected3]" time="0.000" /><testcase classname="tests.test_version" name="test_version_difference[v14-v24-expected4]" time="0.000" /><testcase classname="tests.test_version" name="test_version_difference[v15-v25-expected5]" time="0.000" /><testcase classname="tests.test_version" name="test_version_difference[None-v26-None]" time="0.000" /><testcase classname="tests.test_version" name="test_version_difference[v17-None-None]" time="0.000" /><testcase classname="tests.test_version" name="test_version_difference[None-None-None]" time="0.000" /><testcase classname="tests.test_version" name="test_version_info" time="0.000" /><testcase classname="tests.test_version_comprehensive.TestVersionStatus" name="test_version_status_values" time="0.000" /><testcase classname="tests.test_version_comprehensive.TestVersionInfo" name="test_version_info_creation" time="0.000" /><testcase classname="tests.test_version_comprehensive.TestVersionInfo" name="test_version_info_with_all_params" time="0.000" /><testcase classname="tests.test_version_comprehensive.TestParseVersion" name="test_parse_simple_version" time="0.000" /><testcase classname="tests.test_version_comprehensive.TestParseVersion" name="test_parse_version_with_build" time="0.000" /><testcase classname="tests.test_version_comprehensive.TestParseVersion" name="test_parse_none_version" time="0.000" /><testcase classname="tests.test_version_comprehensive.TestParseVersion" name="test_parse_empty_version" time="0.000" /><testcase classname="tests.test_version_comprehensive.TestParseVersion" name="test_parse_invalid_version" time="0.000" /><testcase classname="tests.test_version_comprehensive.TestParseVersion" name="test_parse_version_parametrized[1.0.0-expected0]" time="0.000" /><testcase classname="tests.test_version_comprehensive.TestParseVersion" name="test_parse_version_parametrized[2.1-expected1]" time="0.000" /><testcase classname="tests.test_version_comprehensive.TestParseVersion" name="test_parse_version_parametrized[3-expected2]" time="0.000" /><testcase classname="tests.test_version_comprehensive.TestParseVersion" name="test_parse_version_parametrized[1.2.3-alpha-expected3]" time="0.000" /><testcase classname="tests.test_version_comprehensive.TestParseVersion" name="test_parse_version_parametrized[1.0.0+build.1-expected4]" time="0.000" /><testcase classname="tests.test_version_comprehensive.TestCompareVersions" name="test_compare_equal_versions" time="0.000" /><testcase classname="tests.test_version_comprehensive.TestCompareVersions" name="test_compare_older_newer" time="0.000" /><testcase classname="tests.test_version_comprehensive.TestCompareVersions" name="test_compare_different_lengths" time="0.000" /><testcase classname="tests.test_version_comprehensive.TestCompareVersions" name="test_compare_with_none" time="0.000" /><testcase classname="tests.test_version_comprehensive.TestCompareVersions" name="test_compare_versions_parametrized[1.0.0-1.0.0-0]" time="0.000" /><testcase classname="tests.test_version_comprehensive.TestCompareVersions" name="test_compare_versions_parametrized[1.0.0-2.0.0--1]" time="0.000" /><testcase classname="tests.test_version_comprehensive.TestCompareVersions" name="test_compare_versions_parametrized[2.0.0-1.0.0-1]" time="0.000" /><testcase classname="tests.test_version_comprehensive.TestCompareVersions" name="test_compare_versions_parametrized[1.0.0-1.0.1--1]" time="0.000" /><testcase classname="tests.test_version_comprehensive.TestCompareVersions" name="test_compare_versions_parametrized[1.1.0-1.0.9-1]" time="0.000" /><testcase classname="tests.test_version_comprehensive.TestVersionDifference" name="test_version_difference_basic" time="0.000" /><testcase classname="tests.test_version_comprehensive.TestVersionDifference" name="test_version_difference_minor" time="0.000" /><testcase classname="tests.test_version_comprehensive.TestVersionDifference" name="test_version_difference_patch" time="0.000" /><testcase classname="tests.test_version_comprehensive.TestVersionDifference" name="test_version_difference_with_none" time="0.000" /><testcase classname="tests.test_version_comprehensive.TestGetVersionInfo" name="test_version_info_upgrade" time="0.000" /><testcase classname="tests.test_version_comprehensive.TestGetVersionInfo" name="test_version_info_same" time="0.000" /><testcase classname="tests.test_version_comprehensive.TestGetVersionInfo" name="test_version_info_with_none" time="0.000" /><testcase classname="tests.test_version_comprehensive.TestSimilarityScore" name="test_similarity_identical" time="0.000" /><testcase classname="tests.test_version_comprehensive.TestSimilarityScore" name="test_similarity_different" time="0.000" /><testcase classname="tests.test_version_comprehensive.TestSimilarityScore" name="test_similarity_with_none" time="0.000" /><testcase classname="tests.test_version_comprehensive.TestSimilarityScore" name="test_similarity_empty_strings" time="0.000" /><testcase classname="tests.test_version_comprehensive.TestPartialRatio" name="test_partial_ratio_identical" time="0.000" /><testcase classname="tests.test_version_comprehensive.TestPartialRatio" name="test_partial_ratio_substring" time="0.000" /><testcase classname="tests.test_version_comprehensive.TestPartialRatio" name="test_partial_ratio_empty" time="0.000" /><testcase classname="tests.test_version_comprehensive.TestPartialRatio" name="test_partial_ratio_score_cutoff" time="0.000" /><testcase classname="tests.test_version_comprehensive.TestDecomposeVersion" name="test_decompose_simple_version" time="0.000" /><testcase classname="tests.test_version_comprehensive.TestDecomposeVersion" name="test_decompose_empty_version" time="0.000" /><testcase classname="tests.test_version_comprehensive.TestDecomposeVersion" name="test_decompose_complex_version" time="0.000" /><testcase classname="tests.test_version_comprehensive.TestVersionPatterns" name="test_version_patterns_exist" time="0.000" /><testcase classname="tests.test_version_comprehensive.TestVersionPatterns" name="test_version_patterns_match" time="0.000" /><testcase classname="tests.test_version_comprehensive.TestUtilityFunctions" name="test_get_compiled_pattern" time="0.001" /><testcase classname="tests.test_version_comprehensive.TestUtilityFunctions" name="test_compose_version_tuple" time="0.000" /><testcase classname="tests.test_version_comprehensive.TestUtilityFunctions" name="test_compare_fuzzy" time="0.000" /><testcase classname="tests.test_version_comprehensive.TestPrivateFunctions" name="test_parse_version_components" time="0.000" /><testcase classname="tests.test_version_comprehensive.TestPrivateFunctions" name="test_parse_version_to_dict" time="0.000" /><testcase classname="tests.test_version_comprehensive.TestPrivateFunctions" name="test_dict_to_tuple" time="0.000" /><testcase classname="tests.test_version_comprehensive.TestPrivateFunctions" name="test_tuple_to_dict" time="0.000" /><testcase classname="tests.test_version_comprehensive.TestPrivateFunctions" name="test_dict_to_tuple_with_none" time="0.000" /><testcase classname="tests.test_version_comprehensive.TestPrivateFunctions" name="test_tuple_to_dict_with_none" time="0.000" /><testcase classname="tests.test_version_comprehensive.TestErrorHandling" name="test_parse_version_error_handling" time="0.000" /><testcase classname="tests.test_version_comprehensive.TestErrorHandling" name="test_compare_versions_error_handling" time="0.000" /><testcase classname="tests.test_version_comprehensive.TestErrorHandling" name="test_similarity_score_error_handling" time="0.000" /><testcase classname="tests.test_version_comprehensive.TestFuzzyLibraryCompatibility" name="test_fuzzy_library_flags" time="0.000" /><testcase classname="tests.test_version_comprehensive.TestFuzzyLibraryCompatibility" name="test_fuzzy_functions_work" time="0.000" /><testcase classname="tests.test_version_comprehensive.TestEdgeCases" name="test_very_long_version_strings" time="0.000" /><testcase classname="tests.test_version_comprehensive.TestEdgeCases" name="test_unicode_version_strings" time="0.000" /><testcase classname="tests.test_version_comprehensive.TestEdgeCases" name="test_special_characters_in_versions" time="0.000" /><testcase classname="tests.test_version_comprehensive.TestEdgeCases" name="test_whitespace_handling" time="0.001" /></testsuite></testsuites>
