<?xml version="1.0" encoding="utf-8"?><testsuites><testsuite name="pytest" errors="0" failures="10" skipped="0" tests="424" time="23.752" timestamp="2025-06-07T13:33:40.872870+02:00" hostname="ocean"><testcase classname="tests.handlers.test_app_handlers.TestAppHandlers" name="test_handle_list_apps_error" time="0.010" /><testcase classname="tests.handlers.test_app_handlers.TestAppHandlers" name="test_handle_list_apps_success" time="0.002" /><testcase classname="tests.handlers.test_app_handlers.TestAppHandlers" name="test_handle_list_apps_with_blacklist" time="0.002" /><testcase classname="tests.handlers.test_app_handlers.TestAppHandlers" name="test_handle_list_apps_with_brew_filter" time="0.002" /><testcase classname="tests.handlers.test_app_handlers.TestAppHandlers" name="test_handle_list_apps_with_export" time="0.002" /><testcase classname="tests.handlers.test_config_handlers.TestConfigHandlers" name="test_handle_config_generation_success" time="0.001" /><testcase classname="tests.handlers.test_config_handlers.TestConfigHandlers" name="test_handle_config_generation_custom_path" time="0.003" /><testcase classname="tests.handlers.test_config_handlers.TestConfigHandlers" name="test_handle_config_generation_exception" time="0.001" /><testcase classname="tests.handlers.test_filter_handlers.TestFilterHandlers" name="test_handle_filter_management_list_filters_empty" time="0.003" /><testcase classname="tests.handlers.test_filter_handlers.TestFilterHandlers" name="test_handle_filter_management_list_filters_with_filters" time="0.003" /><testcase classname="tests.handlers.test_filter_handlers.TestFilterHandlers" name="test_handle_filter_management_delete_filter_success" time="0.003" /><testcase classname="tests.handlers.test_filter_handlers.TestFilterHandlers" name="test_handle_filter_management_delete_filter_not_found" time="0.003" /><testcase classname="tests.handlers.test_filter_handlers.TestFilterHandlers" name="test_handle_filter_management_load_filter_success" time="0.004" /><testcase classname="tests.handlers.test_filter_handlers.TestFilterHandlers" name="test_handle_filter_management_load_filter_not_found" time="0.002" /><testcase classname="tests.handlers.test_filter_handlers.TestFilterHandlers" name="test_handle_save_filter_success" time="0.002" /><testcase classname="tests.handlers.test_filter_handlers.TestFilterHandlers" name="test_handle_save_filter_failure" time="0.003" /><testcase classname="tests.handlers.test_filter_handlers.TestFilterHandlers" name="test_handle_save_filter_exception" time="0.003" /><testcase classname="tests.handlers.test_setup_handlers.TestSetupHandlers" name="test_handle_initialize_config_success" time="0.001" /><testcase classname="tests.handlers.test_setup_handlers.TestSetupHandlers" name="test_handle_initialize_config_no_config_file" time="0.001" /><testcase classname="tests.handlers.test_setup_handlers.TestSetupHandlers" name="test_handle_initialize_config_error" time="0.001" /><testcase classname="tests.handlers.test_setup_handlers.TestSetupHandlers" name="test_handle_configure_from_options_success" time="0.001" /><testcase classname="tests.handlers.test_setup_handlers.TestSetupHandlers" name="test_handle_configure_from_options_error" time="0.001" /><testcase classname="tests.handlers.test_setup_handlers.TestSetupHandlers" name="test_handle_setup_logging_debug_level_1" time="0.001" /><testcase classname="tests.handlers.test_setup_handlers.TestSetupHandlers" name="test_handle_setup_logging_debug_level_2" time="0.001" /><testcase classname="tests.handlers.test_setup_handlers.TestSetupHandlers" name="test_handle_setup_logging_no_debug" time="0.001" /><testcase classname="tests.handlers.test_setup_handlers.TestSetupHandlers" name="test_handle_setup_logging_error" time="0.001" /><testcase classname="tests.handlers.test_utils_handlers.TestUtilsHandlers" name="test_setup_logging_basic" time="0.001" /><testcase classname="tests.handlers.test_utils_handlers.TestUtilsHandlers" name="test_setup_logging_with_files" time="0.003" /><testcase classname="tests.handlers.test_utils_handlers.TestUtilsHandlers" name="test_suppress_console_warnings" time="0.000" /><testcase classname="tests.handlers.test_utils_handlers.TestUtilsHandlers" name="test_suppress_console_warnings_with_handlers" time="0.001" /><testcase classname="tests.test_additional_functions.TestAdditionalAppsFunctions" name="test_adaptive_rate_limiter" time="0.001" /><testcase classname="tests.test_additional_functions.TestAdditionalAppsFunctions" name="test_filter_brew_candidates" time="0.000" /><testcase classname="tests.test_additional_functions.TestAdditionalAppsFunctions" name="test_get_homebrew_casks_list" time="0.317" /><testcase classname="tests.test_app_store.TestAppStore" name="test_is_app_in_app_store_error" time="0.001" /><testcase classname="tests.test_app_store.TestAppStore" name="test_is_app_in_app_store_exception" time="0.001" /><testcase classname="tests.test_app_store.TestAppStore" name="test_is_app_in_app_store_found" time="0.000" /><testcase classname="tests.test_app_store.TestAppStore" name="test_is_app_in_app_store_not_found" time="0.001" /><testcase classname="tests.test_apps" name="test_get_applications" time="0.000" /><testcase classname="tests.test_apps" name="test_filter_out_brews" time="0.001" /><testcase classname="tests.test_apps" name="test_process_brew_search" time="0.002" /><testcase classname="tests.test_apps" name="test_is_homebrew_available_true" time="0.001" /><testcase classname="tests.test_apps" name="test_is_homebrew_available_false" time="0.001" /><testcase classname="tests.test_apps" name="test_is_homebrew_available_non_macos" time="0.000" /><testcase classname="tests.test_apps" name="test_is_homebrew_available_arm" time="0.001" /><testcase classname="tests.test_apps" name="test_get_homebrew_casks_success" time="0.001" /><testcase classname="tests.test_apps" name="test_get_homebrew_casks_empty" time="0.001" /><testcase classname="tests.test_apps" name="test_get_homebrew_casks_error" time="0.001" /><testcase classname="tests.test_apps" name="test_get_homebrew_casks_network_error" time="0.001" /><testcase classname="tests.test_apps" name="test_get_homebrew_casks_timeout" time="0.001" /><testcase classname="tests.test_apps" name="test_get_homebrew_casks_cache" time="0.000" /><testcase classname="tests.test_apps" name="test_get_applications_from_system_profiler_valid" time="0.000" /><testcase classname="tests.test_apps" name="test_get_applications_from_system_profiler_empty" time="0.000" /><testcase classname="tests.test_apps" name="test_get_applications_from_system_profiler_invalid" time="0.000" /><testcase classname="tests.test_apps" name="test_get_applications_from_system_profiler_test_app_normalization" time="0.001" /><testcase classname="tests.test_apps" name="test_get_cask_version_found" time="0.000" /><testcase classname="tests.test_apps" name="test_get_cask_version_not_found" time="0.000" /><testcase classname="tests.test_apps" name="test_get_cask_version_latest" time="0.000" /><testcase classname="tests.test_apps" name="test_get_cask_version_error" time="0.001" /><testcase classname="tests.test_apps" name="test_get_cask_version_network_error" time="0.000" /><testcase classname="tests.test_apps" name="test_get_cask_version_timeout" time="0.000" /><testcase classname="tests.test_apps" name="test_get_cask_version_general_exception" time="0.000" /><testcase classname="tests.test_apps" name="test_check_brew_install_candidates_no_homebrew" time="0.000" /><testcase classname="tests.test_apps" name="test_check_brew_install_candidates_success" time="0.001" /><testcase classname="tests.test_apps" name="test_process_brew_batch_no_homebrew" time="0.000" /><testcase classname="tests.test_apps" name="test_process_brew_batch_empty" time="0.000" /><testcase classname="tests.test_apps" name="test_simple_rate_limiter" time="0.000" /><testcase classname="tests.test_apps" name="test_process_brew_batch_with_simple_rate_limiter" time="0.002" /><testcase classname="tests.test_apps" name="test_process_brew_batch_with_adaptive_rate_limiter" time="0.002" /><testcase classname="tests.test_apps" name="test_process_brew_batch_future_exceptions" time="0.003" /><testcase classname="tests.test_apps_coverage.TestAdaptiveRateLimiter" name="test_adaptive_rate_limiter_custom_params" time="0.000" /><testcase classname="tests.test_apps_coverage.TestAdaptiveRateLimiter" name="test_adaptive_rate_limiter_feedback_failure" time="0.000" /><testcase classname="tests.test_apps_coverage.TestAdaptiveRateLimiter" name="test_adaptive_rate_limiter_feedback_success" time="0.000" /><testcase classname="tests.test_apps_coverage.TestAdaptiveRateLimiter" name="test_adaptive_rate_limiter_init" time="0.000" /><testcase classname="tests.test_apps_coverage.TestAdaptiveRateLimiter" name="test_adaptive_rate_limiter_max_limit" time="0.000" /><testcase classname="tests.test_apps_coverage.TestAdaptiveRateLimiter" name="test_adaptive_rate_limiter_min_limit" time="0.000" /><testcase classname="tests.test_apps_coverage.TestAdaptiveRateLimiter" name="test_adaptive_rate_limiter_wait" time="0.101" /><testcase classname="tests.test_apps_coverage.TestAdaptiveRateLimiterAlias" name="test_adaptive_rate_limiter_alias" time="0.000" /><testcase classname="tests.test_apps_coverage.TestAppStoreCheck" name="test_is_app_in_app_store_cache_hit" time="0.001" /><testcase classname="tests.test_apps_coverage.TestAppStoreCheck" name="test_is_app_in_app_store_cache_miss" time="0.000" /><testcase classname="tests.test_apps_coverage.TestAppStoreCheck" name="test_is_app_in_app_store_exception" time="0.001" /><testcase classname="tests.test_apps_coverage.TestAppStoreCheck" name="test_is_app_in_app_store_no_cache" time="0.002" /><testcase classname="tests.test_apps_coverage.TestBrewCaskInstallable" name="test_is_brew_cask_installable_cache_hit" time="0.001" /><testcase classname="tests.test_apps_coverage.TestBrewCaskInstallable" name="test_is_brew_cask_installable_cache_miss" time="4.086" /><testcase classname="tests.test_apps_coverage.TestBrewCaskInstallable" name="test_is_brew_cask_installable_no_homebrew" time="0.001" /><testcase classname="tests.test_apps_coverage.TestHomebrewCasksList" name="test_get_homebrew_casks_list_no_homebrew" time="0.001" /><testcase classname="tests.test_apps_coverage.TestHomebrewCasksList" name="test_get_homebrew_casks_list_with_homebrew" time="0.001" /><testcase classname="tests.test_apps_coverage.TestUtilityFunctions" name="test_create_batches_empty" time="0.000" /><testcase classname="tests.test_apps_coverage.TestUtilityFunctions" name="test_create_batches_normal" time="0.000" /><testcase classname="tests.test_apps_coverage.TestUtilityFunctions" name="test_create_batches_single_item" time="0.000" /><testcase classname="tests.test_apps_coverage.TestUtilityFunctions" name="test_create_rate_limiter_default_fallback" time="0.000" /><testcase classname="tests.test_apps_coverage.TestUtilityFunctions" name="test_create_rate_limiter_int" time="0.000" /><testcase classname="tests.test_apps_coverage.TestUtilityFunctions" name="test_create_rate_limiter_object_with_delay" time="0.000" /><testcase classname="tests.test_apps_coverage.TestUtilityFunctions" name="test_create_rate_limiter_object_with_rate_limit" time="0.000" /><testcase classname="tests.test_apps_coverage.TestUtilityFunctions" name="test_handle_batch_error_network" time="0.000" /><testcase classname="tests.test_apps_coverage.TestUtilityFunctions" name="test_handle_batch_error_timeout" time="0.000" /><testcase classname="tests.test_apps_coverage.TestUtilityFunctions" name="test_handle_future_result_exception" time="0.000" /><testcase classname="tests.test_apps_coverage.TestUtilityFunctions" name="test_handle_future_result_success" time="0.000" /><testcase classname="tests.test_apps_coverage.TestFilterOutBrews" name="test_filter_out_brews_empty_applications" time="0.001" /><testcase classname="tests.test_apps_coverage.TestFilterOutBrews" name="test_filter_out_brews_empty_brews" time="0.000" /><testcase classname="tests.test_apps_coverage.TestFilterOutBrews" name="test_filter_out_brews_no_matches" time="0.000" /><testcase classname="tests.test_apps_coverage.TestFilterOutBrews" name="test_filter_out_brews_strict_mode" time="0.000" /><testcase classname="tests.test_apps_coverage.TestCacheManagement" name="test_clear_homebrew_casks_cache" time="0.001" /><testcase classname="tests.test_apps_coverage.TestRateLimiterEdgeCases" name="test_simple_rate_limiter_negative_delay" time="0.000" /><testcase classname="tests.test_apps_coverage.TestRateLimiterEdgeCases" name="test_simple_rate_limiter_thread_safety" time="0.207" /><testcase classname="tests.test_apps_coverage.TestRateLimiterEdgeCases" name="test_simple_rate_limiter_zero_delay" time="0.002" /><testcase classname="tests.test_apps_coverage.TestComplexScenarios" name="test_adaptive_rate_limiter_mixed_feedback" time="0.001" /><testcase classname="tests.test_apps_coverage.TestComplexScenarios" name="test_simple_rate_limiter_multiple_waits" time="0.107" /><testcase classname="tests.test_apps_coverage_converted" name="test_adaptive_rate_limiter_init" time="0.002" /><testcase classname="tests.test_apps_coverage_converted" name="test_adaptive_rate_limiter_custom_params" time="0.001" /><testcase classname="tests.test_apps_coverage_converted" name="test_adaptive_rate_limiter_wait" time="0.107" /><testcase classname="tests.test_apps_coverage_converted" name="test_adaptive_rate_limiter_feedback_success" time="0.001" /><testcase classname="tests.test_apps_coverage_converted" name="test_adaptive_rate_limiter_feedback_failure" time="0.002" /><testcase classname="tests.test_apps_coverage_converted" name="test_adaptive_rate_limiter_max_limit" time="0.001" /><testcase classname="tests.test_apps_coverage_converted" name="test_adaptive_rate_limiter_min_limit" time="0.001" /><testcase classname="tests.test_apps_coverage_converted" name="test_adaptive_rate_limiter_alias" time="0.000" /><testcase classname="tests.test_apps_coverage_converted" name="test_is_app_in_app_store_cache_hit" time="0.001" /><testcase classname="tests.test_apps_coverage_converted" name="test_is_app_in_app_store_cache_miss" time="0.000" /><testcase classname="tests.test_apps_coverage_converted" name="test_is_app_in_app_store_no_cache" time="0.000" /><testcase classname="tests.test_apps_coverage_converted" name="test_is_app_in_app_store_exception" time="0.001" /><testcase classname="tests.test_apps_coverage_converted" name="test_is_brew_cask_installable_no_homebrew" time="0.001" /><testcase classname="tests.test_apps_coverage_converted" name="test_is_brew_cask_installable_cache_hit" time="0.001" /><testcase classname="tests.test_apps_coverage_converted" name="test_is_brew_cask_installable_cache_miss" time="0.857" /><testcase classname="tests.test_apps_coverage_converted" name="test_get_homebrew_casks_list_no_homebrew" time="0.001" /><testcase classname="tests.test_apps_coverage_converted" name="test_get_homebrew_casks_list_with_homebrew" time="0.000" /><testcase classname="tests.test_apps_coverage_converted" name="test_create_batches_normal" time="0.000" /><testcase classname="tests.test_apps_coverage_converted" name="test_create_batches_empty" time="0.000" /><testcase classname="tests.test_apps_coverage_converted" name="test_create_batches_single_item" time="0.000" /><testcase classname="tests.test_apps_coverage_converted" name="test_handle_batch_error_network" time="0.000" /><testcase classname="tests.test_apps_coverage_converted" name="test_handle_batch_error_timeout" time="0.000" /><testcase classname="tests.test_apps_coverage_converted" name="test_create_rate_limiter_int" time="0.000" /><testcase classname="tests.test_apps_coverage_converted" name="test_create_rate_limiter_object_with_delay" time="0.000" /><testcase classname="tests.test_apps_coverage_converted" name="test_create_rate_limiter_object_with_rate_limit" time="0.000" /><testcase classname="tests.test_apps_coverage_converted" name="test_create_rate_limiter_default_fallback" time="0.000" /><testcase classname="tests.test_apps_coverage_converted" name="test_handle_future_result_success" time="0.000" /><testcase classname="tests.test_apps_coverage_converted" name="test_handle_future_result_exception" time="0.001" /><testcase classname="tests.test_apps_coverage_converted" name="test_filter_out_brews_strict_mode" time="0.000" /><testcase classname="tests.test_apps_coverage_converted" name="test_filter_out_brews_empty_brews" time="0.000" /><testcase classname="tests.test_apps_coverage_converted" name="test_filter_out_brews_empty_applications" time="0.000" /><testcase classname="tests.test_apps_coverage_converted" name="test_filter_out_brews_no_matches" time="0.000" /><testcase classname="tests.test_apps_coverage_converted" name="test_clear_homebrew_casks_cache" time="0.001" /><testcase classname="tests.test_apps_coverage_converted" name="test_simple_rate_limiter_zero_delay" time="0.000" /><testcase classname="tests.test_apps_coverage_converted" name="test_simple_rate_limiter_negative_delay" time="0.000" /><testcase classname="tests.test_apps_coverage_converted" name="test_simple_rate_limiter_thread_safety" time="0.206" /><testcase classname="tests.test_apps_coverage_converted" name="test_simple_rate_limiter_multiple_waits" time="0.106" /><testcase classname="tests.test_apps_coverage_converted" name="test_adaptive_rate_limiter_mixed_feedback" time="0.002" /><testcase classname="tests.test_apps_extra.TestAppsExtra" name="test_check_brew_install_candidates_batch_error_handling" time="0.002" /><testcase classname="tests.test_apps_extra.TestAppsExtra" name="test_check_brew_install_candidates_network_error" time="0.001" /><testcase classname="tests.test_apps_extra.TestAppsExtra" name="test_check_brew_install_candidates_no_homebrew" time="0.001" /><testcase classname="tests.test_apps_extra.TestAppsExtra" name="test_check_brew_install_candidates_success" time="0.001" /><testcase classname="tests.test_apps_extra.TestAppsExtra" name="test_get_homebrew_casks_list_all_commands_fail" time="0.001" /><testcase classname="tests.test_apps_extra.TestAppsExtra" name="test_get_homebrew_casks_list_cached" time="0.001" /><testcase classname="tests.test_apps_extra.TestAppsExtra" name="test_get_homebrew_casks_list_first_command_fails" time="0.001" /><testcase classname="tests.test_apps_extra.TestAppsExtra" name="test_get_homebrew_casks_list_no_cache" time="0.001" /><testcase classname="tests.test_apps_extra.TestAppsExtra" name="test_get_homebrew_casks_list_no_homebrew" time="0.000" /><testcase classname="tests.test_apps_extra.TestAppsExtra" name="test_get_homebrew_casks_list_permission_error" time="0.001" /><testcase classname="tests.test_apps_extra.TestAppsExtra" name="test_get_homebrew_casks_list_timeout" time="0.000" /><testcase classname="tests.test_apps_extra.TestAppsExtra" name="test_is_app_in_app_store_cached" time="0.001" /><testcase classname="tests.test_apps_extra.TestAppsExtra" name="test_is_app_in_app_store_exception" time="0.001" /><testcase classname="tests.test_apps_extra.TestAppsExtra" name="test_is_app_in_app_store_no_cache" time="0.000" /><testcase classname="tests.test_apps_extra.TestAppsExtra" name="test_is_brew_cask_installable_cached" time="0.001" /><testcase classname="tests.test_apps_extra.TestAppsExtra" name="test_is_brew_cask_installable_found" time="0.001" /><testcase classname="tests.test_apps_extra.TestAppsExtra" name="test_is_brew_cask_installable_network_error" time="0.000" /><testcase classname="tests.test_apps_extra.TestAppsExtra" name="test_is_brew_cask_installable_no_homebrew" time="0.001" /><testcase classname="tests.test_apps_extra.TestAppsExtra" name="test_is_brew_cask_installable_not_found" time="0.001" /><testcase classname="tests.test_apps_extra.TestAppsExtra" name="test_is_brew_cask_installable_timeout" time="0.000" /><testcase classname="tests.test_apps_extra.TestAppsExtra" name="test_process_brew_batch_no_homebrew" time="0.001" /><testcase classname="tests.test_apps_extra.TestAppsExtra" name="test_process_brew_batch_with_adaptive_rate_limiting" time="0.002" /><testcase classname="tests.test_apps_extra.TestAppsExtra" name="test_simple_rate_limiter" time="0.205" /><testcase classname="tests.test_apps_new.TestApps" name="test_filter_out_brews" time="0.003" /><testcase classname="tests.test_apps_new.TestApps" name="test_get_applications" time="0.002" /><testcase classname="tests.test_apps_new.TestApps" name="test_get_applications_from_system_profiler_empty" time="0.001" /><testcase classname="tests.test_apps_new.TestApps" name="test_get_applications_from_system_profiler_invalid" time="0.001" /><testcase classname="tests.test_apps_new.TestApps" name="test_get_applications_from_system_profiler_test_app_normalization" time="0.001" /><testcase classname="tests.test_apps_new.TestApps" name="test_get_applications_from_system_profiler_valid" time="0.001" /><testcase classname="tests.test_apps_new.TestApps" name="test_get_cask_version_error" time="0.000" /><testcase classname="tests.test_apps_new.TestApps" name="test_get_cask_version_found" time="0.000" /><testcase classname="tests.test_apps_new.TestApps" name="test_get_cask_version_general_exception" time="0.000" /><testcase classname="tests.test_apps_new.TestApps" name="test_get_cask_version_latest" time="0.000" /><testcase classname="tests.test_apps_new.TestApps" name="test_get_cask_version_network_error" time="0.000" /><testcase classname="tests.test_apps_new.TestApps" name="test_get_cask_version_not_found" time="0.000" /><testcase classname="tests.test_apps_new.TestApps" name="test_get_cask_version_timeout" time="0.000" /><testcase classname="tests.test_apps_new.TestApps" name="test_get_homebrew_casks_cache" time="0.001" /><testcase classname="tests.test_apps_new.TestApps" name="test_get_homebrew_casks_empty" time="0.001" /><testcase classname="tests.test_apps_new.TestApps" name="test_get_homebrew_casks_error" time="0.001" /><testcase classname="tests.test_apps_new.TestApps" name="test_get_homebrew_casks_network_error" time="0.001" /><testcase classname="tests.test_apps_new.TestApps" name="test_get_homebrew_casks_success" time="0.001" /><testcase classname="tests.test_apps_new.TestApps" name="test_get_homebrew_casks_timeout" time="0.001" /><testcase classname="tests.test_apps_new.TestApps" name="test_is_homebrew_available_arm" time="0.001" /><testcase classname="tests.test_apps_new.TestApps" name="test_is_homebrew_available_false" time="0.001" /><testcase classname="tests.test_apps_new.TestApps" name="test_is_homebrew_available_non_macos" time="0.000" /><testcase classname="tests.test_apps_new.TestApps" name="test_is_homebrew_available_true" time="0.015" /><testcase classname="tests.test_apps_new.TestApps" name="test_process_brew_batch_with_adaptive_rate_limiting" time="0.002" /><testcase classname="tests.test_apps_new.TestApps" name="test_process_brew_search" time="0.001" /><testcase classname="tests.test_apps_new.TestApps" name="test_simple_rate_limiter" time="0.206" /><testcase classname="tests.test_apps_new_pytest" name="test_get_applications" time="0.001" /><testcase classname="tests.test_apps_new_pytest" name="test_filter_out_brews" time="0.002" /><testcase classname="tests.test_async_homebrew" name="test_fetch_cask_info_success" time="0.003" /><testcase classname="tests.test_async_homebrew" name="test_fetch_cask_info_not_found" time="0.001" /><testcase classname="tests.test_async_homebrew" name="test_search_casks_success" time="0.002" /><testcase classname="tests.test_async_homebrew" name="test_search_casks_from_cache" time="0.001" /><testcase classname="tests.test_async_homebrew.TestHomebrewBatchProcessor" name="test_process_item_exact_match" time="0.001" /><testcase classname="tests.test_async_homebrew.TestHomebrewBatchProcessor" name="test_process_item_fuzzy_match" time="0.001" /><testcase classname="tests.test_async_homebrew.TestHomebrewBatchProcessor" name="test_process_item_no_match" time="0.001" /><testcase classname="tests.test_async_homebrew.TestHomebrewBatchProcessor" name="test_process_item_error" time="0.001" /><testcase classname="tests.test_async_homebrew.TestHomebrewBatchProcessor" name="test_is_significant_match" time="0.001" /><testcase classname="tests.test_async_homebrew" name="test_async_get_cask_version" time="0.001" /><testcase classname="tests.test_async_homebrew" name="test_async_get_cask_version_not_found" time="0.000" /><testcase classname="tests.test_async_homebrew.TestHomebrewVersionChecker" name="test_process_item" time="0.001" /><testcase classname="tests.test_async_homebrew.TestHomebrewVersionChecker" name="test_process_item_error" time="0.001" /><testcase classname="tests.test_async_homebrew" name="test_async_check_brew_install_candidates" time="0.001" /><testcase classname="tests.test_async_homebrew" name="test_async_check_brew_install_candidates_no_homebrew" time="0.001" /><testcase classname="tests.test_async_homebrew" name="test_async_check_brew_update_candidates" time="0.001" /><testcase classname="tests.test_async_homebrew" name="test_async_check_brew_update_candidates_no_homebrew" time="0.001" /><testcase classname="tests.test_async_network" name="test_fetch_json_success" time="0.003" /><testcase classname="tests.test_async_network" name="test_fetch_json_from_cache" time="0.001" /><testcase classname="tests.test_async_network" name="test_fetch_json_network_error" time="0.002" /><testcase classname="tests.test_async_network" name="test_fetch_json_timeout" time="0.002" /><testcase classname="tests.test_async_network" name="test_batch_fetch_json" time="0.102" /><testcase classname="tests.test_async_network" name="test_batch_fetch_json_error" time="0.104" /><testcase classname="tests.test_async_network" name="test_async_to_sync" time="0.001" /><testcase classname="tests.test_async_network" name="test_run_async_in_thread" time="0.002" /><testcase classname="tests.test_async_network.TestAsyncBatchProcessor" name="test_create_batches" time="0.001" /><testcase classname="tests.test_async_network.TestAsyncBatchProcessor" name="test_process_all" time="3.006" /><testcase classname="tests.test_async_network.TestAsyncBatchProcessor" name="test_process_batch" time="1.006" /><testcase classname="tests.test_async_network.TestAsyncBatchProcessor" name="test_process_batch_with_error" time="1.006" /><testcase classname="tests.test_brew_candidates.TestBrewCandidates" name="test_check_brew_install_candidates_brew_timeout_error" time="0.004" /><testcase classname="tests.test_brew_candidates.TestBrewCandidates" name="test_check_brew_install_candidates_network_error" time="0.002" /><testcase classname="tests.test_brew_candidates.TestBrewCandidates" name="test_check_brew_install_candidates_no_homebrew" time="0.001" /><testcase classname="tests.test_brew_candidates.TestBrewCandidates" name="test_check_brew_install_candidates_success" time="0.001" /><testcase classname="tests.test_brew_candidates.TestBrewCandidates" name="test_process_brew_batch_empty" time="0.001" /><testcase classname="tests.test_brew_candidates.TestBrewCandidates" name="test_process_brew_batch_no_homebrew" time="0.001" /><testcase classname="tests.test_brew_candidates.TestBrewCandidates" name="test_process_brew_batch_success" time="0.003" /><testcase classname="tests.test_brew_candidates.TestBrewCandidates" name="test_process_brew_search_error" time="0.002" /><testcase classname="tests.test_brew_candidates.TestBrewCandidates" name="test_process_brew_search_match_found" time="0.001" /><testcase classname="tests.test_brew_candidates.TestBrewCandidates" name="test_process_brew_search_no_match" time="0.001" /><testcase classname="tests.test_brew_candidates.TestBrewCandidates" name="test_simple_rate_limiter" time="0.105" /><testcase classname="tests.test_brew_installability.TestBrewCaskInstallability" name="test_get_brew_cask_name_from_cache" time="0.001" /><testcase classname="tests.test_brew_installability.TestBrewCaskInstallability" name="test_get_brew_cask_name_no_match" time="0.004" /><testcase classname="tests.test_brew_installability.TestBrewCaskInstallability" name="test_get_brew_cask_name_search_match" time="0.001" /><testcase classname="tests.test_brew_installability.TestBrewCaskInstallability" name="test_is_brew_cask_installable_error" time="0.831" /><testcase classname="tests.test_brew_installability.TestBrewCaskInstallability" name="test_is_brew_cask_installable_found" time="0.079" /><testcase classname="tests.test_brew_installability.TestBrewCaskInstallability" name="test_is_brew_cask_installable_not_found" time="0.779" /><testcase classname="tests.test_brew_installability.TestBrewCaskInstallability" name="test_is_brew_cask_installable_with_cache" time="0.001" /><testcase classname="tests.test_cache.TestCache" name="test_clear_cache_all" time="0.002" /><testcase classname="tests.test_cache.TestCache" name="test_clear_cache_exception" time="0.002" /><testcase classname="tests.test_cache.TestCache" name="test_clear_cache_specific" time="0.002" /><testcase classname="tests.test_cache.TestCache" name="test_ensure_cache_dir" time="0.001" /><testcase classname="tests.test_cache.TestCache" name="test_ensure_cache_dir_already_exists" time="0.001" /><testcase classname="tests.test_cache.TestCache" name="test_ensure_cache_dir_error" time="0.001" /><testcase classname="tests.test_cache.TestCache" name="test_read_cache_exception" time="0.001" /><testcase classname="tests.test_cache.TestCache" name="test_read_cache_expired" time="0.002" /><testcase classname="tests.test_cache.TestCache" name="test_read_cache_invalid_json" time="0.005" /><testcase classname="tests.test_cache.TestCache" name="test_read_cache_not_exists" time="0.001" /><testcase classname="tests.test_cache.TestCache" name="test_read_cache_valid" time="0.004" /><testcase classname="tests.test_cache.TestCache" name="test_write_cache_exception" time="0.001" /><testcase classname="tests.test_cache.TestCache" name="test_write_cache_success" time="0.002" /><testcase classname="tests.test_cli.TestCLI" name="test_additional_dirs_option" time="0.002" /><testcase classname="tests.test_cli.TestCLI" name="test_apps_flag" time="0.001" /><testcase classname="tests.test_cli.TestCLI" name="test_blacklist_option" time="0.001" /><testcase classname="tests.test_cli.TestCLI" name="test_brews_flag" time="0.001" /><testcase classname="tests.test_cli.TestCLI" name="test_combined_options" time="0.001" /><testcase classname="tests.test_cli.TestCLI" name="test_debug_option" time="0.001" /><testcase classname="tests.test_cli.TestCLI" name="test_default_args" time="0.001" /><testcase classname="tests.test_cli.TestCLI" name="test_max_workers_option" time="0.001" /><testcase classname="tests.test_cli.TestCLI" name="test_no_progress_flag" time="0.001" /><testcase classname="tests.test_cli.TestCLI" name="test_rate_limit_option" time="0.001" /><testcase classname="tests.test_cli.TestCLI" name="test_recommend_flag" time="0.001" /><testcase classname="tests.test_cli.TestCLI" name="test_similarity_option" time="0.001" /><testcase classname="tests.test_cli.TestCLI" name="test_strict_recommend_flag" time="0.001" /><testcase classname="tests.test_config.TestConfig" name="test_env_api_rate_limit" time="0.080" /><testcase classname="tests.test_config.TestConfig" name="test_env_blacklist" time="0.076" /><testcase classname="tests.test_config.TestConfig" name="test_env_debug" time="0.080" /><testcase classname="tests.test_config.TestConfig" name="test_init_default_values" time="0.083" /><testcase classname="tests.test_config.TestConfig" name="test_is_blacklisted" time="0.075" /><testcase classname="tests.test_config.TestConfig" name="test_set_get" time="0.074" /><testcase classname="tests.test_config_yaml.TestConfigFile" name="test_custom_config_path" time="0.074" /><testcase classname="tests.test_config_yaml.TestConfigFile" name="test_env_vars_override_file" time="0.074" /><testcase classname="tests.test_config_yaml.TestConfigFile" name="test_generate_default_config" time="0.083" /><testcase classname="tests.test_config_yaml.TestConfigFile" name="test_load_from_yaml_file" time="0.077" /><testcase classname="tests.test_config_yaml.TestConfigFile" name="test_load_nonexistent_file" time="0.073" /><testcase classname="tests.test_export.TestExport" name="test_export_data_csv" time="0.000" /><testcase classname="tests.test_export.TestExport" name="test_export_data_empty" time="0.000" /><testcase classname="tests.test_export.TestExport" name="test_export_data_general_error" time="0.001" /><testcase classname="tests.test_export.TestExport" name="test_export_data_invalid_format" time="0.000" /><testcase classname="tests.test_export.TestExport" name="test_export_data_json" time="0.000" /><testcase classname="tests.test_export.TestExport" name="test_export_data_permission_error" time="0.001" /><testcase classname="tests.test_export.TestExport" name="test_export_data_with_filename" time="0.001" /><testcase classname="tests.test_export.TestExport" name="test_export_to_csv_error" time="0.000" /><testcase classname="tests.test_export.TestExport" name="test_export_to_csv_file" time="0.004" /><testcase classname="tests.test_export.TestExport" name="test_export_to_csv_file_error" time="0.000" /><testcase classname="tests.test_export.TestExport" name="test_export_to_csv_string" time="0.000" /><testcase classname="tests.test_export.TestExport" name="test_export_to_csv_with_dict_structure" time="0.000" /><testcase classname="tests.test_export.TestExport" name="test_export_to_csv_with_minimal_tuple" time="0.000" /><testcase classname="tests.test_export.TestExport" name="test_export_to_csv_with_version_status" time="0.000" /><testcase classname="tests.test_export.TestExport" name="test_export_to_json_error" time="0.000" /><testcase classname="tests.test_export.TestExport" name="test_export_to_json_file" time="0.003" /><testcase classname="tests.test_export.TestExport" name="test_export_to_json_file_error" time="0.000" /><testcase classname="tests.test_export.TestExport" name="test_export_to_json_string" time="0.000" /><testcase classname="tests.test_export.TestExport" name="test_export_to_json_with_version_status" time="0.000" /><testcase classname="tests.test_export.TestExport" name="test_export_to_json_with_version_status_enum" time="0.000" /><testcase classname="tests.test_homebrew.TestHomebrew" name="test_get_homebrew_casks_empty" time="0.001" /><testcase classname="tests.test_homebrew.TestHomebrew" name="test_get_homebrew_casks_error" time="0.001" /><testcase classname="tests.test_homebrew.TestHomebrew" name="test_get_homebrew_casks_network_error" time="0.001" /><testcase classname="tests.test_homebrew.TestHomebrew" name="test_get_homebrew_casks_success" time="0.001" /><testcase classname="tests.test_homebrew.TestHomebrew" name="test_get_homebrew_casks_timeout" time="0.001" /><testcase classname="tests.test_homebrew_advanced.TestHomebrewModule" name="test_batch_get_cask_info" time="0.002" /><testcase classname="tests.test_homebrew_advanced.TestHomebrewModule" name="test_clear_homebrew_cache" time="0.002" /><testcase classname="tests.test_homebrew_advanced.TestHomebrewModule" name="test_get_all_homebrew_casks_cached" time="0.001" /><testcase classname="tests.test_homebrew_advanced.TestHomebrewModule" name="test_get_all_homebrew_casks_uncached" time="0.001" /><testcase classname="tests.test_homebrew_advanced.TestHomebrewModule" name="test_get_cask_info_cached" time="0.001" /><testcase classname="tests.test_homebrew_advanced.TestHomebrewModule" name="test_get_cask_info_uncached" time="0.001" /><testcase classname="tests.test_homebrew_advanced.TestHomebrewModule" name="test_get_cask_version" time="0.001" /><testcase classname="tests.test_homebrew_advanced.TestHomebrewModule" name="test_get_cask_version_error" time="0.001" /><testcase classname="tests.test_homebrew_advanced.TestHomebrewModule" name="test_get_homebrew_path_apple_silicon" time="0.001" /><testcase classname="tests.test_homebrew_advanced.TestHomebrewModule" name="test_get_homebrew_path_fallback" time="0.001" /><testcase classname="tests.test_homebrew_advanced.TestHomebrewModule" name="test_get_homebrew_path_intel" time="0.001" /><testcase classname="tests.test_homebrew_advanced.TestHomebrewModule" name="test_get_homebrew_path_not_found" time="0.001" /><testcase classname="tests.test_homebrew_advanced.TestHomebrewModule" name="test_get_installed_homebrew_casks" time="0.001" /><testcase classname="tests.test_homebrew_advanced.TestHomebrewModule" name="test_get_outdated_homebrew_casks" time="0.001" /><testcase classname="tests.test_homebrew_advanced.TestHomebrewModule" name="test_is_homebrew_available_failure" time="0.001" /><testcase classname="tests.test_homebrew_advanced.TestHomebrewModule" name="test_is_homebrew_available_success" time="0.001" /><testcase classname="tests.test_homebrew_advanced.TestHomebrewModule" name="test_search_casks" time="0.007" /><testcase classname="tests.test_integration.TestIntegration" name="test_blacklist_functionality" time="2.776" /><testcase classname="tests.test_integration.TestIntegration" name="test_concurrent_operations" time="0.032" /><testcase classname="tests.test_integration.TestIntegration" name="test_configuration_edge_cases" time="0.003" /><testcase classname="tests.test_integration.TestIntegration" name="test_configuration_validation" time="0.000" /><testcase classname="tests.test_integration.TestIntegration" name="test_debug_mode_integration" time="0.003" /><testcase classname="tests.test_integration.TestIntegration" name="test_end_to_end_workflow_integration" time="0.006" /><testcase classname="tests.test_integration.TestIntegration" name="test_error_handling_integration" time="0.001" /><testcase classname="tests.test_integration.TestIntegration" name="test_export_format_integration" time="0.002" /><testcase classname="tests.test_integration.TestIntegration" name="test_github_badges_and_pipeline_integration" time="3.042" /><testcase classname="tests.test_integration.TestIntegration" name="test_homebrew_command_failures" time="0.002" /><testcase classname="tests.test_integration.TestIntegration" name="test_main_brews_workflow" time="0.001" /><testcase classname="tests.test_integration.TestIntegration" name="test_main_list_apps_workflow" time="0.004" /><testcase classname="tests.test_integration.TestIntegration" name="test_main_recommend_workflow" time="0.078" /><testcase classname="tests.test_integration.TestIntegration" name="test_main_strict_recommend_workflow" time="0.005" /><testcase classname="tests.test_integration.TestIntegration" name="test_malformed_version_handling" time="0.004" /><testcase classname="tests.test_integration.TestIntegration" name="test_memory_usage_optimization" time="0.048" /><testcase classname="tests.test_integration.TestIntegration" name="test_network_error_handling" time="0.001" /><testcase classname="tests.test_integration.TestIntegration" name="test_performance_with_large_dataset" time="0.034" /><testcase classname="tests.test_integration.TestIntegration" name="test_rate_limiting_integration" time="0.107" /><testcase classname="tests.test_integration.TestIntegration" name="test_timeout_handling" time="0.001" /><testcase classname="tests.test_integration.TestIntegration" name="test_unicode_application_names" time="0.002" /><testcase classname="tests.test_main.TestMain" name="test_get_status_color" time="0.001" /><testcase classname="tests.test_main.TestMain" name="test_get_status_icon_with_color" time="0.001" /><testcase classname="tests.test_main.TestMain" name="test_get_status_icon_without_color" time="0.001" /><testcase classname="tests.test_main.TestMain" name="test_handle_export_permission_error" time="0.001" /><testcase classname="tests.test_main.TestMain" name="test_handle_export_success" time="0.001" /><testcase classname="tests.test_main.TestMain" name="test_handle_export_value_error" time="0.001" /><testcase classname="tests.test_main.TestMain" name="test_setup_logging" time="0.001" /><testcase classname="tests.test_main.TestMain" name="test_suppress_console_warnings" time="0.002" /><testcase classname="tests.test_outdated_handlers.TestUpdateConfigFromOptions" name="test_update_config_with_no_progress_true" time="0.001" /><testcase classname="tests.test_outdated_handlers.TestUpdateConfigFromOptions" name="test_update_config_with_no_progress_false" time="0.000" /><testcase classname="tests.test_outdated_handlers.TestUpdateConfigFromOptions" name="test_update_config_without_no_progress_attribute" time="0.000" /><testcase classname="tests.test_outdated_handlers.TestUpdateConfigFromOptions" name="test_update_config_without_set_method" time="0.001" /><testcase classname="tests.test_outdated_handlers.TestGetInstalledApplications" name="test_get_installed_applications_success" time="0.001" /><testcase classname="tests.test_outdated_handlers.TestGetInstalledApplications" name="test_get_installed_applications_permission_error" time="0.001" /><testcase classname="tests.test_outdated_handlers.TestGetInstalledApplications" name="test_get_installed_applications_timeout_error" time="0.001" /><testcase classname="tests.test_outdated_handlers.TestGetInstalledApplications" name="test_get_installed_applications_config_without_cmd" time="0.001" /><testcase classname="tests.test_outdated_handlers.TestGetHomebrewCasks" name="test_get_homebrew_casks_success" time="0.001" /><testcase classname="tests.test_outdated_handlers.TestGetHomebrewCasks" name="test_get_homebrew_casks_file_not_found" time="0.001" /><testcase classname="tests.test_outdated_handlers.TestGetHomebrewCasks" name="test_get_homebrew_casks_permission_error" time="0.001" /><testcase classname="tests.test_outdated_handlers.TestFilterApplications" name="test_filter_applications_exclude_brews" time="0.001" /><testcase classname="tests.test_outdated_handlers.TestFilterApplications" name="test_filter_applications_include_brews" time="0.000" /><testcase classname="tests.test_outdated_handlers.TestFilterApplications" name="test_filter_applications_filter_error" time="0.001" /><testcase classname="tests.test_outdated_handlers.TestCheckOutdatedApps" name="test_check_outdated_apps_success" time="0.001" /><testcase classname="tests.test_outdated_handlers.TestCheckOutdatedApps" name="test_check_outdated_apps_default_batch_size" time="0.001" /><testcase classname="tests.test_outdated_handlers.TestCheckOutdatedApps" name="test_check_outdated_apps_timeout_error" time="0.001" /><testcase classname="tests.test_outdated_handlers.TestCheckOutdatedApps" name="test_check_outdated_apps_network_error" time="0.001" /><testcase classname="tests.test_outdated_handlers.TestProcessOutdatedInfo" name="test_process_outdated_info_mixed_statuses" time="0.001" /><testcase classname="tests.test_outdated_handlers.TestProcessOutdatedInfo" name="test_process_outdated_info_empty_list" time="0.001" /><testcase classname="tests.test_outdated_handlers.TestProcessOutdatedInfo" name="test_process_outdated_info_missing_version_info" time="0.000" /><testcase classname="tests.test_outdated_handlers.TestProcessOutdatedInfo" name="test_process_outdated_info_sorting" time="0.001" /><testcase classname="tests.test_outdated_handlers.TestDisplayResults" name="test_display_results_with_data" time="0.002" /><testcase classname="tests.test_outdated_handlers.TestDisplayResults" name="test_display_results_empty_table" time="0.001" /><testcase classname="tests.test_outdated_handlers.TestDisplayResults" name="test_display_results_all_up_to_date" time="0.001" /><testcase classname="tests.test_outdated_handlers.TestDisplayResults" name="test_display_results_with_outdated" time="0.001" /><testcase classname="tests.test_outdated_handlers.TestExportData" name="test_export_data_success_with_output_file" time="0.000" /><testcase classname="tests.test_outdated_handlers.TestExportData" name="test_export_data_success_without_output_file" time="0.000" /><testcase classname="tests.test_outdated_handlers.TestExportData" name="test_export_data_without_output_file_attribute" time="0.001" /><testcase classname="tests.test_outdated_handlers.TestExportData" name="test_export_data_export_error" time="0.000" /><testcase classname="tests.test_outdated_handlers.TestHandleOutdatedCheck" name="test_handle_outdated_check_success_without_export" time="0.002" /><testcase classname="tests.test_outdated_handlers.TestHandleOutdatedCheck" name="test_handle_outdated_check_success_with_export" time="0.001" /><testcase classname="tests.test_outdated_handlers.TestHandleOutdatedCheck" name="test_handle_outdated_check_permission_error_apps" time="0.001" /><testcase classname="tests.test_outdated_handlers.TestHandleOutdatedCheck" name="test_handle_outdated_check_file_not_found_homebrew" time="0.001" /><testcase classname="tests.test_outdated_handlers.TestHandleOutdatedCheck" name="test_handle_outdated_check_timeout_error_check" time="0.001" /><testcase classname="tests.test_outdated_handlers.TestHandleOutdatedCheck" name="test_handle_outdated_check_export_error" time="0.002" /><testcase classname="tests.test_outdated_handlers.TestHandleOutdatedCheck" name="test_handle_outdated_check_config_error" time="0.001" /><testcase classname="tests.test_outdated_handlers.TestHandleOutdatedCheck" name="test_handle_outdated_check_keyboard_interrupt" time="0.001" /><testcase classname="tests.test_outdated_handlers.TestHandleOutdatedCheck" name="test_handle_outdated_check_unexpected_error_debug_mode" time="0.001" /><testcase classname="tests.test_outdated_handlers.TestHandleOutdatedCheck" name="test_handle_outdated_check_unexpected_error_no_debug" time="0.001" /><testcase classname="tests.test_outdated_handlers.TestErrorHandling" name="test_handle_timeout_error_apps" time="0.001" /><testcase classname="tests.test_outdated_handlers.TestErrorHandling" name="test_handle_permission_error_homebrew" time="0.001" /><testcase classname="tests.test_outdated_handlers.TestErrorHandling" name="test_handle_network_error_check" time="0.001" /><testcase classname="tests.test_ui.TestTerminalOutput" name="test_get_terminal_size" time="0.000" /><testcase classname="tests.test_ui.TestTerminalOutput" name="test_get_terminal_size_edge_cases[1-1]" time="0.000" /><testcase classname="tests.test_ui.TestTerminalOutput" name="test_get_terminal_size_edge_cases[999-999]" time="0.000" /><testcase classname="tests.test_ui.TestTerminalOutput" name="test_get_terminal_size_edge_cases[120-30]" time="0.001" /><testcase classname="tests.test_ui.TestTerminalOutput" name="test_get_terminal_size_edge_cases[40-10]" time="0.001" /><testcase classname="tests.test_ui.TestTerminalOutput" name="test_get_terminal_size_exception_handling" time="0.000" /><testcase classname="tests.test_ui.TestTerminalOutput" name="test_colored_print_functions[print_success-green]" time="0.001" /><testcase classname="tests.test_ui.TestTerminalOutput" name="test_colored_print_functions[print_info-blue]" time="0.001" /><testcase classname="tests.test_ui.TestTerminalOutput" name="test_colored_print_functions[print_warning-yellow]" time="0.000" /><testcase classname="tests.test_ui.TestTerminalOutput" name="test_colored_print_functions[print_error-red]" time="0.001" /><testcase classname="tests.test_ui.TestTerminalOutput" name="test_colored_print_functions[print_debug-cyan]" time="0.001" /><testcase classname="tests.test_ui.TestTerminalOutput" name="test_colored_print_functions_with_kwargs[print_success-green]" time="0.000" /><testcase classname="tests.test_ui.TestTerminalOutput" name="test_colored_print_functions_with_kwargs[print_info-blue]" time="0.001" /><testcase classname="tests.test_ui.TestTerminalOutput" name="test_colored_print_functions_with_kwargs[print_warning-yellow]" time="0.000" /><testcase classname="tests.test_ui.TestTerminalOutput" name="test_colored_print_functions_with_kwargs[print_error-red]" time="0.000" /><testcase classname="tests.test_ui.TestTerminalOutput" name="test_colored_print_functions_with_kwargs[print_debug-cyan]" time="0.001" /><testcase classname="tests.test_ui.TestTerminalOutput" name="test_print_functions_fallback[print_success]" time="0.001"><failure message="AssertionError: assert '' == 'test message\n'&#10;  &#10;  - test message">E   AssertionError: assert '' == 'test message\n'

      - test message</failure></testcase><testcase classname="tests.test_ui.TestTerminalOutput" name="test_print_functions_fallback[print_info]" time="0.001"><failure message="AssertionError: assert '' == 'test message\n'&#10;  &#10;  - test message">E   AssertionError: assert '' == 'test message\n'

      - test message</failure></testcase><testcase classname="tests.test_ui.TestTerminalOutput" name="test_print_functions_fallback[print_warning]" time="0.001"><failure message="AssertionError: assert '' == 'test message\n'&#10;  &#10;  - test message">E   AssertionError: assert '' == 'test message\n'

      - test message</failure></testcase><testcase classname="tests.test_ui.TestTerminalOutput" name="test_print_functions_fallback[print_error]" time="0.001"><failure message="AssertionError: assert '' == 'test message\n'&#10;  &#10;  - test message">E   AssertionError: assert '' == 'test message\n'

      - test message</failure></testcase><testcase classname="tests.test_ui.TestTerminalOutput" name="test_print_functions_fallback[print_debug]" time="0.001"><failure message="AssertionError: assert '' == 'test message\n'&#10;  &#10;  - test message">E   AssertionError: assert '' == 'test message\n'

      - test message</failure></testcase><testcase classname="tests.test_ui.TestTerminalOutput" name="test_print_functions_edge_cases[]" time="0.000" /><testcase classname="tests.test_ui.TestTerminalOutput" name="test_print_functions_edge_cases[multi\nline\nmessage]" time="0.000"><failure message="AssertionError: assert 'multi\nline\nmessage' in ''&#10; +  where '' = CaptureResult(out='', err='').out">E   AssertionError: assert 'multi\nline\nmessage' in ''
     +  where '' = CaptureResult(out='', err='').out</failure></testcase><testcase classname="tests.test_ui.TestTerminalOutput" name="test_print_functions_edge_cases[unicode: \U0001f389 \u6d4b\u8bd5]" time="0.001"><failure message="AssertionError: assert 'unicode: #x1F389 测试' in ''&#10; +  where '' = CaptureResult(out='', err='').out">E   AssertionError: assert 'unicode: #x1F389 测试' in ''
     +  where '' = CaptureResult(out='', err='').out</failure></testcase><testcase classname="tests.test_ui.TestTerminalOutput" name="test_print_functions_edge_cases[xxxxxxxxxxxxxxxxxxxxxxxxxxxxxxxxxxxxxxxxxxxxxxxxxxxxxxxxxxxxxxxxxxxxxxxxxxxxxxxxxxxxxxxxxxxxxxxxxxxx]" time="0.000"><failure message="AssertionError: assert 'xxxxxxxxxxxxxxxxxxxxxxxxxxxxxxxxxxxxxxxxxxxxxxxxxxxxxxxxxxxxxxxxxxxxxxxxxxxxxxxxxxxxxxxxxxxxxxxxxxxx' in ''&#10; +  where '' = CaptureResult(out='', err='').out">E   AssertionError: assert 'xxxxxxxxxxxxxxxxxxxxxxxxxxxxxxxxxxxxxxxxxxxxxxxxxxxxxxxxxxxxxxxxxxxxxxxxxxxxxxxxxxxxxxxxxxxxxxxxxxxx' in ''
     +  where '' = CaptureResult(out='', err='').out</failure></testcase><testcase classname="tests.test_ui.TestTerminalOutput" name="test_colored_fallback" time="0.000" /><testcase classname="tests.test_ui.TestTerminalOutput" name="test_cprint_fallback" time="0.000"><failure message="AssertionError: assert '' == 'test\n'&#10;  &#10;  - test">E   AssertionError: assert '' == 'test\n'

      - test</failure></testcase><testcase classname="tests.test_ui.TestTerminalOutput" name="test_color_constants_values" time="0.000" /><testcase classname="tests.test_ui.TestTerminalOutput" name="test_print_functions_exception_handling" time="0.000" /><testcase classname="tests.test_ui.TestTerminalOutput" name="test_print_functions_with_file_kwarg" time="0.001"><failure message="AssertionError: assert '' == 'test\n'&#10;  &#10;  - test">E   AssertionError: assert '' == 'test\n'

      - test</failure></testcase></testsuite></testsuites>
