<?xml version="1.0" encoding="utf-8"?><testsuites><testsuite name="pytest" errors="0" failures="0" skipped="0" tests="9" time="1.751" timestamp="2025-06-22T20:21:43.371996+02:00" hostname="ocean"><testcase classname="tests.test_utils_comprehensive.TestGetJsonData" name="test_get_json_data_cache_hit" time="0.004" /><testcase classname="tests.test_utils_comprehensive.TestGetJsonData" name="test_get_json_data_cache_miss" time="0.001" /><testcase classname="tests.test_utils_comprehensive.TestGetJsonData" name="test_get_json_data_non_system_profiler" time="0.001" /><testcase classname="tests.test_utils_comprehensive.TestGetJsonData" name="test_get_json_data_command_failure" time="0.001" /><testcase classname="tests.test_utils_comprehensive.TestGetJsonData" name="test_get_json_data_empty_output" time="0.001" /><testcase classname="tests.test_utils_comprehensive.TestGetJsonData" name="test_get_json_data_invalid_json" time="0.001" /><testcase classname="tests.test_utils_comprehensive.TestGetJsonData" name="test_get_json_data_command_not_found" time="0.000" /><testcase classname="tests.test_utils_comprehensive.TestGetJsonData" name="test_get_json_data_permission_denied" time="0.000" /><testcase classname="tests.test_utils_comprehensive.TestGetJsonData" name="test_get_json_data_network_error" time="0.001" /></testsuite></testsuites>
