<?xml version="1.0" encoding="utf-8"?><testsuites><testsuite name="pytest" errors="0" failures="0" skipped="0" tests="10" time="0.193" timestamp="2025-06-08T16:25:57.871603+02:00" hostname="ocean"><testcase classname="tests.test_ui.TestTerminalOutput" name="test_print_functions_fallback[print_success]" time="0.001" /><testcase classname="tests.test_ui.TestTerminalOutput" name="test_print_functions_fallback[print_info]" time="0.000" /><testcase classname="tests.test_ui.TestTerminalOutput" name="test_print_functions_fallback[print_warning]" time="0.000" /><testcase classname="tests.test_ui.TestTerminalOutput" name="test_print_functions_fallback[print_error]" time="0.000" /><testcase classname="tests.test_ui.TestTerminalOutput" name="test_print_functions_fallback[print_debug]" time="0.000" /><testcase classname="tests.test_ui.TestTerminalOutput" name="test_print_functions_edge_cases[]" time="0.000" /><testcase classname="tests.test_ui.TestTerminalOutput" name="test_print_functions_edge_cases[multi\nline\nmessage]" time="0.000" /><testcase classname="tests.test_ui.TestTerminalOutput" name="test_print_functions_edge_cases[unicode: \U0001f389 \u6d4b\u8bd5]" time="0.000" /><testcase classname="tests.test_ui.TestTerminalOutput" name="test_print_functions_edge_cases[xxxxxxxxxxxxxxxxxxxxxxxxxxxxxxxxxxxxxxxxxxxxxxxxxxxxxxxxxxxxxxxxxxxxxxxxxxxxxxxxxxxxxxxxxxxxxxxxxxxx]" time="0.000" /><testcase classname="tests.test_ui.TestTerminalOutput" name="test_cprint_fallback" time="0.000" /></testsuite></testsuites>
