<?xml version="1.0" encoding="utf-8"?><testsuites><testsuite name="pytest" errors="0" failures="0" skipped="0" tests="6" time="1.068" timestamp="2025-06-03T10:45:53.575064+02:00" hostname="ocean"><testcase classname="tests.test_config.TestConfig" name="test_env_api_rate_limit" time="0.081" /><testcase classname="tests.test_config.TestConfig" name="test_env_blacklist" time="0.086" /><testcase classname="tests.test_config.TestConfig" name="test_env_debug" time="0.080" /><testcase classname="tests.test_config.TestConfig" name="test_init_default_values" time="0.074" /><testcase classname="tests.test_config.TestConfig" name="test_is_blacklisted" time="0.074" /><testcase classname="tests.test_config.TestConfig" name="test_set_get" time="0.072" /></testsuite></testsuites>