<?xml version="1.0" encoding="utf-8"?><testsuites><testsuite name="pytest" errors="0" failures="0" skipped="0" tests="6" time="0.589" timestamp="2025-06-03T10:36:02.807949+02:00" hostname="ocean"><testcase classname="tests.test_config.TestConfig" name="test_env_api_rate_limit" time="0.076" /><testcase classname="tests.test_config.TestConfig" name="test_env_blacklist" time="0.078" /><testcase classname="tests.test_config.TestConfig" name="test_env_debug" time="0.078" /><testcase classname="tests.test_config.TestConfig" name="test_init_default_values" time="0.076" /><testcase classname="tests.test_config.TestConfig" name="test_is_blacklisted" time="0.074" /><testcase classname="tests.test_config.TestConfig" name="test_set_get" time="0.076" /></testsuite></testsuites>
