<?xml version="1.0" encoding="utf-8"?><testsuites><testsuite name="pytest" errors="0" failures="0" skipped="20" tests="290" time="12.287" timestamp="2025-05-27T11:32:39.766536+02:00" hostname="ocean"><testcase classname="tests.handlers.test_app_handlers.TestAppHandlers" name="test_handle_list_apps_error" time="0.006" /><testcase classname="tests.handlers.test_app_handlers.TestAppHandlers" name="test_handle_list_apps_success" time="0.002" /><testcase classname="tests.handlers.test_app_handlers.TestAppHandlers" name="test_handle_list_apps_with_blacklist" time="0.002" /><testcase classname="tests.handlers.test_app_handlers.TestAppHandlers" name="test_handle_list_apps_with_brew_filter" time="0.001" /><testcase classname="tests.handlers.test_app_handlers.TestAppHandlers" name="test_handle_list_apps_with_export" time="0.001" /><testcase classname="tests.handlers.test_config_handlers.TestConfigHandlers" name="test_handle_config_generation_success" time="0.001" /><testcase classname="tests.handlers.test_config_handlers.TestConfigHandlers" name="test_handle_config_generation_custom_path" time="0.001" /><testcase classname="tests.handlers.test_config_handlers.TestConfigHandlers" name="test_handle_config_generation_exception" time="0.001" /><testcase classname="tests.handlers.test_filter_handlers.TestFilterHandlers" name="test_handle_filter_management_list_filters_empty" time="0.002" /><testcase classname="tests.handlers.test_filter_handlers.TestFilterHandlers" name="test_handle_filter_management_list_filters_with_filters" time="0.002" /><testcase classname="tests.handlers.test_filter_handlers.TestFilterHandlers" name="test_handle_filter_management_delete_filter_success" time="0.002" /><testcase classname="tests.handlers.test_filter_handlers.TestFilterHandlers" name="test_handle_filter_management_delete_filter_not_found" time="0.002" /><testcase classname="tests.handlers.test_filter_handlers.TestFilterHandlers" name="test_handle_filter_management_load_filter_success" time="0.004" /><testcase classname="tests.handlers.test_filter_handlers.TestFilterHandlers" name="test_handle_filter_management_load_filter_not_found" time="0.001" /><testcase classname="tests.handlers.test_filter_handlers.TestFilterHandlers" name="test_handle_save_filter_success" time="0.002" /><testcase classname="tests.handlers.test_filter_handlers.TestFilterHandlers" name="test_handle_save_filter_failure" time="0.002" /><testcase classname="tests.handlers.test_filter_handlers.TestFilterHandlers" name="test_handle_save_filter_exception" time="0.003" /><testcase classname="tests.handlers.test_setup_handlers.TestSetupHandlers" name="test_handle_initialize_config_success" time="0.001" /><testcase classname="tests.handlers.test_setup_handlers.TestSetupHandlers" name="test_handle_initialize_config_no_config_file" time="0.001" /><testcase classname="tests.handlers.test_setup_handlers.TestSetupHandlers" name="test_handle_initialize_config_error" time="0.001" /><testcase classname="tests.handlers.test_setup_handlers.TestSetupHandlers" name="test_handle_configure_from_options_success" time="0.001" /><testcase classname="tests.handlers.test_setup_handlers.TestSetupHandlers" name="test_handle_configure_from_options_error" time="0.001" /><testcase classname="tests.handlers.test_setup_handlers.TestSetupHandlers" name="test_handle_setup_logging_debug_level_1" time="0.001" /><testcase classname="tests.handlers.test_setup_handlers.TestSetupHandlers" name="test_handle_setup_logging_debug_level_2" time="0.002" /><testcase classname="tests.handlers.test_setup_handlers.TestSetupHandlers" name="test_handle_setup_logging_no_debug" time="0.001" /><testcase classname="tests.handlers.test_setup_handlers.TestSetupHandlers" name="test_handle_setup_logging_error" time="0.001" /><testcase classname="tests.handlers.test_utils_handlers.TestUtilsHandlers" name="test_setup_logging_basic" time="0.001" /><testcase classname="tests.handlers.test_utils_handlers.TestUtilsHandlers" name="test_setup_logging_with_files" time="0.002" /><testcase classname="tests.handlers.test_utils_handlers.TestUtilsHandlers" name="test_suppress_console_warnings" time="0.000" /><testcase classname="tests.handlers.test_utils_handlers.TestUtilsHandlers" name="test_suppress_console_warnings_with_handlers" time="0.001" /><testcase classname="tests.test_additional_functions.TestAdditionalAppsFunctions" name="test_adaptive_rate_limiter" time="0.001" /><testcase classname="tests.test_additional_functions.TestAdditionalAppsFunctions" name="test_filter_brew_candidates" time="0.000" /><testcase classname="tests.test_additional_functions.TestAdditionalAppsFunctions" name="test_get_homebrew_casks_list" time="0.311" /><testcase classname="tests.test_app_store.TestAppStore" name="test_is_app_in_app_store_error" time="0.001" /><testcase classname="tests.test_app_store.TestAppStore" name="test_is_app_in_app_store_exception" time="0.002" /><testcase classname="tests.test_app_store.TestAppStore" name="test_is_app_in_app_store_found" time="0.000" /><testcase classname="tests.test_app_store.TestAppStore" name="test_is_app_in_app_store_not_found" time="0.000" /><testcase classname="tests.test_apps.TestApps" name="test_check_brew_install_candidates_no_homebrew" time="0.000" /><testcase classname="tests.test_apps.TestApps" name="test_check_brew_install_candidates_success" time="0.001" /><testcase classname="tests.test_apps.TestApps" name="test_filter_out_brews" time="0.001" /><testcase classname="tests.test_apps.TestApps" name="test_get_applications" time="0.000" /><testcase classname="tests.test_apps.TestApps" name="test_get_applications_from_system_profiler_empty" time="0.000" /><testcase classname="tests.test_apps.TestApps" name="test_get_applications_from_system_profiler_invalid" time="0.001" /><testcase classname="tests.test_apps.TestApps" name="test_get_applications_from_system_profiler_test_app_normalization" time="0.001" /><testcase classname="tests.test_apps.TestApps" name="test_get_applications_from_system_profiler_valid" time="0.000" /><testcase classname="tests.test_apps.TestApps" name="test_get_cask_version_error" time="0.000" /><testcase classname="tests.test_apps.TestApps" name="test_get_cask_version_found" time="0.000" /><testcase classname="tests.test_apps.TestApps" name="test_get_cask_version_general_exception" time="0.000" /><testcase classname="tests.test_apps.TestApps" name="test_get_cask_version_latest" time="0.000" /><testcase classname="tests.test_apps.TestApps" name="test_get_cask_version_network_error" time="0.000" /><testcase classname="tests.test_apps.TestApps" name="test_get_cask_version_not_found" time="0.000" /><testcase classname="tests.test_apps.TestApps" name="test_get_cask_version_timeout" time="0.000" /><testcase classname="tests.test_apps.TestApps" name="test_get_homebrew_casks_cache" time="0.000" /><testcase classname="tests.test_apps.TestApps" name="test_get_homebrew_casks_empty" time="0.001" /><testcase classname="tests.test_apps.TestApps" name="test_get_homebrew_casks_error" time="0.001" /><testcase classname="tests.test_apps.TestApps" name="test_get_homebrew_casks_network_error" time="0.001" /><testcase classname="tests.test_apps.TestApps" name="test_get_homebrew_casks_success" time="0.001" /><testcase classname="tests.test_apps.TestApps" name="test_get_homebrew_casks_timeout" time="0.001" /><testcase classname="tests.test_apps.TestApps" name="test_is_homebrew_available_arm" time="0.001" /><testcase classname="tests.test_apps.TestApps" name="test_is_homebrew_available_false" time="0.001" /><testcase classname="tests.test_apps.TestApps" name="test_is_homebrew_available_non_macos" time="0.000" /><testcase classname="tests.test_apps.TestApps" name="test_is_homebrew_available_true" time="0.001" /><testcase classname="tests.test_apps.TestApps" name="test_process_brew_batch_empty" time="0.000" /><testcase classname="tests.test_apps.TestApps" name="test_process_brew_batch_future_exceptions" time="0.002" /><testcase classname="tests.test_apps.TestApps" name="test_process_brew_batch_no_homebrew" time="0.000" /><testcase classname="tests.test_apps.TestApps" name="test_process_brew_batch_with_adaptive_rate_limiter" time="0.002" /><testcase classname="tests.test_apps.TestApps" name="test_process_brew_batch_with_simple_rate_limiter" time="0.001" /><testcase classname="tests.test_apps.TestApps" name="test_process_brew_search" time="0.003" /><testcase classname="tests.test_apps.TestApps" name="test_simple_rate_limiter" time="0.000" /><testcase classname="tests.test_apps_extra.TestAppsExtra" name="test_check_brew_install_candidates_batch_error_handling" time="0.001" /><testcase classname="tests.test_apps_extra.TestAppsExtra" name="test_check_brew_install_candidates_network_error" time="0.000" /><testcase classname="tests.test_apps_extra.TestAppsExtra" name="test_check_brew_install_candidates_no_homebrew" time="0.000" /><testcase classname="tests.test_apps_extra.TestAppsExtra" name="test_check_brew_install_candidates_success" time="0.001" /><testcase classname="tests.test_apps_extra.TestAppsExtra" name="test_get_homebrew_casks_list_all_commands_fail" time="0.001" /><testcase classname="tests.test_apps_extra.TestAppsExtra" name="test_get_homebrew_casks_list_cached" time="0.000" /><testcase classname="tests.test_apps_extra.TestAppsExtra" name="test_get_homebrew_casks_list_first_command_fails" time="0.001" /><testcase classname="tests.test_apps_extra.TestAppsExtra" name="test_get_homebrew_casks_list_no_cache" time="0.000" /><testcase classname="tests.test_apps_extra.TestAppsExtra" name="test_get_homebrew_casks_list_no_homebrew" time="0.000" /><testcase classname="tests.test_apps_extra.TestAppsExtra" name="test_get_homebrew_casks_list_permission_error" time="0.000" /><testcase classname="tests.test_apps_extra.TestAppsExtra" name="test_get_homebrew_casks_list_timeout" time="0.000" /><testcase classname="tests.test_apps_extra.TestAppsExtra" name="test_is_app_in_app_store_cached" time="0.000" /><testcase classname="tests.test_apps_extra.TestAppsExtra" name="test_is_app_in_app_store_exception" time="0.000" /><testcase classname="tests.test_apps_extra.TestAppsExtra" name="test_is_app_in_app_store_no_cache" time="0.000" /><testcase classname="tests.test_apps_extra.TestAppsExtra" name="test_is_brew_cask_installable_cached" time="0.001" /><testcase classname="tests.test_apps_extra.TestAppsExtra" name="test_is_brew_cask_installable_found" time="0.001" /><testcase classname="tests.test_apps_extra.TestAppsExtra" name="test_is_brew_cask_installable_network_error" time="0.000" /><testcase classname="tests.test_apps_extra.TestAppsExtra" name="test_is_brew_cask_installable_no_homebrew" time="0.000" /><testcase classname="tests.test_apps_extra.TestAppsExtra" name="test_is_brew_cask_installable_not_found" time="0.001" /><testcase classname="tests.test_apps_extra.TestAppsExtra" name="test_is_brew_cask_installable_timeout" time="0.000" /><testcase classname="tests.test_apps_extra.TestAppsExtra" name="test_process_brew_batch_no_homebrew" time="0.000" /><testcase classname="tests.test_apps_extra.TestAppsExtra" name="test_process_brew_batch_with_adaptive_rate_limiting" time="0.002" /><testcase classname="tests.test_apps_extra.TestAppsExtra" name="test_simple_rate_limiter" time="0.206" /><testcase classname="tests.test_apps_new.TestApps" name="test_filter_out_brews" time="0.001" /><testcase classname="tests.test_apps_new.TestApps" name="test_get_applications" time="0.000" /><testcase classname="tests.test_apps_new.TestApps" name="test_get_applications_from_system_profiler_empty" time="0.001" /><testcase classname="tests.test_apps_new.TestApps" name="test_get_applications_from_system_profiler_invalid" time="0.001" /><testcase classname="tests.test_apps_new.TestApps" name="test_get_applications_from_system_profiler_test_app_normalization" time="0.001" /><testcase classname="tests.test_apps_new.TestApps" name="test_get_applications_from_system_profiler_valid" time="0.001" /><testcase classname="tests.test_apps_new.TestApps" name="test_get_cask_version_error" time="0.001" /><testcase classname="tests.test_apps_new.TestApps" name="test_get_cask_version_found" time="0.000" /><testcase classname="tests.test_apps_new.TestApps" name="test_get_cask_version_general_exception" time="0.001" /><testcase classname="tests.test_apps_new.TestApps" name="test_get_cask_version_latest" time="0.000" /><testcase classname="tests.test_apps_new.TestApps" name="test_get_cask_version_network_error" time="0.000" /><testcase classname="tests.test_apps_new.TestApps" name="test_get_cask_version_not_found" time="0.000" /><testcase classname="tests.test_apps_new.TestApps" name="test_get_cask_version_timeout" time="0.000" /><testcase classname="tests.test_apps_new.TestApps" name="test_get_homebrew_casks_cache" time="0.001" /><testcase classname="tests.test_apps_new.TestApps" name="test_get_homebrew_casks_empty" time="0.001" /><testcase classname="tests.test_apps_new.TestApps" name="test_get_homebrew_casks_error" time="0.001" /><testcase classname="tests.test_apps_new.TestApps" name="test_get_homebrew_casks_network_error" time="0.001" /><testcase classname="tests.test_apps_new.TestApps" name="test_get_homebrew_casks_success" time="0.001" /><testcase classname="tests.test_apps_new.TestApps" name="test_get_homebrew_casks_timeout" time="0.001" /><testcase classname="tests.test_apps_new.TestApps" name="test_is_homebrew_available_arm" time="0.001" /><testcase classname="tests.test_apps_new.TestApps" name="test_is_homebrew_available_false" time="0.001" /><testcase classname="tests.test_apps_new.TestApps" name="test_is_homebrew_available_non_macos" time="0.000" /><testcase classname="tests.test_apps_new.TestApps" name="test_is_homebrew_available_true" time="0.001" /><testcase classname="tests.test_apps_new.TestApps" name="test_process_brew_batch_with_adaptive_rate_limiting" time="0.002" /><testcase classname="tests.test_apps_new.TestApps" name="test_process_brew_search" time="0.001" /><testcase classname="tests.test_apps_new.TestApps" name="test_simple_rate_limiter" time="0.206" /><testcase classname="tests.test_async_homebrew" name="test_fetch_cask_info_success" time="0.003"><skipped type="pytest.skip" message="async def function and no async plugin installed (see warnings)">/Users/thomas/Programming/versiontracker/.venv/lib/python3.12/site-packages/_pytest/python.py:149: async def function and no async plugin installed (see warnings)</skipped></testcase><testcase classname="tests.test_async_homebrew" name="test_fetch_cask_info_not_found" time="0.000"><skipped type="pytest.skip" message="async def function and no async plugin installed (see warnings)">/Users/thomas/Programming/versiontracker/.venv/lib/python3.12/site-packages/_pytest/python.py:149: async def function and no async plugin installed (see warnings)</skipped></testcase><testcase classname="tests.test_async_homebrew" name="test_search_casks_success" time="0.000"><skipped type="pytest.skip" message="async def function and no async plugin installed (see warnings)">/Users/thomas/Programming/versiontracker/.venv/lib/python3.12/site-packages/_pytest/python.py:149: async def function and no async plugin installed (see warnings)</skipped></testcase><testcase classname="tests.test_async_homebrew" name="test_search_casks_from_cache" time="0.000"><skipped type="pytest.skip" message="async def function and no async plugin installed (see warnings)">/Users/thomas/Programming/versiontracker/.venv/lib/python3.12/site-packages/_pytest/python.py:149: async def function and no async plugin installed (see warnings)</skipped></testcase><testcase classname="tests.test_async_homebrew.TestHomebrewBatchProcessor" name="test_process_item_exact_match" time="0.000"><skipped type="pytest.skip" message="async def function and no async plugin installed (see warnings)">/Users/thomas/Programming/versiontracker/.venv/lib/python3.12/site-packages/_pytest/python.py:149: async def function and no async plugin installed (see warnings)</skipped></testcase><testcase classname="tests.test_async_homebrew.TestHomebrewBatchProcessor" name="test_process_item_fuzzy_match" time="0.000"><skipped type="pytest.skip" message="async def function and no async plugin installed (see warnings)">/Users/thomas/Programming/versiontracker/.venv/lib/python3.12/site-packages/_pytest/python.py:149: async def function and no async plugin installed (see warnings)</skipped></testcase><testcase classname="tests.test_async_homebrew.TestHomebrewBatchProcessor" name="test_process_item_no_match" time="0.000"><skipped type="pytest.skip" message="async def function and no async plugin installed (see warnings)">/Users/thomas/Programming/versiontracker/.venv/lib/python3.12/site-packages/_pytest/python.py:149: async def function and no async plugin installed (see warnings)</skipped></testcase><testcase classname="tests.test_async_homebrew.TestHomebrewBatchProcessor" name="test_process_item_error" time="0.000"><skipped type="pytest.skip" message="async def function and no async plugin installed (see warnings)">/Users/thomas/Programming/versiontracker/.venv/lib/python3.12/site-packages/_pytest/python.py:149: async def function and no async plugin installed (see warnings)</skipped></testcase><testcase classname="tests.test_async_homebrew.TestHomebrewBatchProcessor" name="test_is_significant_match" time="0.001" /><testcase classname="tests.test_async_homebrew" name="test_async_get_cask_version" time="0.000"><skipped type="pytest.skip" message="async def function and no async plugin installed (see warnings)">/Users/thomas/Programming/versiontracker/.venv/lib/python3.12/site-packages/_pytest/python.py:149: async def function and no async plugin installed (see warnings)</skipped></testcase><testcase classname="tests.test_async_homebrew" name="test_async_get_cask_version_not_found" time="0.000"><skipped type="pytest.skip" message="async def function and no async plugin installed (see warnings)">/Users/thomas/Programming/versiontracker/.venv/lib/python3.12/site-packages/_pytest/python.py:149: async def function and no async plugin installed (see warnings)</skipped></testcase><testcase classname="tests.test_async_homebrew.TestHomebrewVersionChecker" name="test_process_item" time="0.000"><skipped type="pytest.skip" message="async def function and no async plugin installed (see warnings)">/Users/thomas/Programming/versiontracker/.venv/lib/python3.12/site-packages/_pytest/python.py:149: async def function and no async plugin installed (see warnings)</skipped></testcase><testcase classname="tests.test_async_homebrew.TestHomebrewVersionChecker" name="test_process_item_error" time="0.000"><skipped type="pytest.skip" message="async def function and no async plugin installed (see warnings)">/Users/thomas/Programming/versiontracker/.venv/lib/python3.12/site-packages/_pytest/python.py:149: async def function and no async plugin installed (see warnings)</skipped></testcase><testcase classname="tests.test_async_homebrew" name="test_async_check_brew_install_candidates" time="0.001" /><testcase classname="tests.test_async_homebrew" name="test_async_check_brew_install_candidates_no_homebrew" time="0.000" /><testcase classname="tests.test_async_homebrew" name="test_async_check_brew_update_candidates" time="0.001" /><testcase classname="tests.test_async_homebrew" name="test_async_check_brew_update_candidates_no_homebrew" time="0.001" /><testcase classname="tests.test_async_network" name="test_fetch_json_success" time="0.002"><skipped type="pytest.skip" message="async def function and no async plugin installed (see warnings)">/Users/thomas/Programming/versiontracker/.venv/lib/python3.12/site-packages/_pytest/python.py:149: async def function and no async plugin installed (see warnings)</skipped></testcase><testcase classname="tests.test_async_network" name="test_fetch_json_from_cache" time="0.000"><skipped type="pytest.skip" message="async def function and no async plugin installed (see warnings)">/Users/thomas/Programming/versiontracker/.venv/lib/python3.12/site-packages/_pytest/python.py:149: async def function and no async plugin installed (see warnings)</skipped></testcase><testcase classname="tests.test_async_network" name="test_fetch_json_network_error" time="0.001"><skipped type="pytest.skip" message="async def function and no async plugin installed (see warnings)">/Users/thomas/Programming/versiontracker/.venv/lib/python3.12/site-packages/_pytest/python.py:149: async def function and no async plugin installed (see warnings)</skipped></testcase><testcase classname="tests.test_async_network" name="test_fetch_json_timeout" time="0.001"><skipped type="pytest.skip" message="async def function and no async plugin installed (see warnings)">/Users/thomas/Programming/versiontracker/.venv/lib/python3.12/site-packages/_pytest/python.py:149: async def function and no async plugin installed (see warnings)</skipped></testcase><testcase classname="tests.test_async_network" name="test_batch_fetch_json" time="0.000"><skipped type="pytest.skip" message="async def function and no async plugin installed (see warnings)">/Users/thomas/Programming/versiontracker/.venv/lib/python3.12/site-packages/_pytest/python.py:149: async def function and no async plugin installed (see warnings)</skipped></testcase><testcase classname="tests.test_async_network" name="test_batch_fetch_json_error" time="0.000"><skipped type="pytest.skip" message="async def function and no async plugin installed (see warnings)">/Users/thomas/Programming/versiontracker/.venv/lib/python3.12/site-packages/_pytest/python.py:149: async def function and no async plugin installed (see warnings)</skipped></testcase><testcase classname="tests.test_async_network" name="test_async_to_sync" time="0.001" /><testcase classname="tests.test_async_network" name="test_run_async_in_thread" time="0.001" /><testcase classname="tests.test_async_network.TestAsyncBatchProcessor" name="test_create_batches" time="0.000" /><testcase classname="tests.test_async_network.TestAsyncBatchProcessor" name="test_process_all" time="3.005" /><testcase classname="tests.test_async_network.TestAsyncBatchProcessor" name="test_process_batch" time="0.000"><skipped type="pytest.skip" message="async def function and no async plugin installed (see warnings)">/Users/thomas/Programming/versiontracker/.venv/lib/python3.12/site-packages/_pytest/python.py:149: async def function and no async plugin installed (see warnings)</skipped></testcase><testcase classname="tests.test_async_network.TestAsyncBatchProcessor" name="test_process_batch_with_error" time="0.001"><skipped type="pytest.skip" message="async def function and no async plugin installed (see warnings)">/Users/thomas/Programming/versiontracker/.venv/lib/python3.12/site-packages/_pytest/python.py:149: async def function and no async plugin installed (see warnings)</skipped></testcase><testcase classname="tests.test_brew_candidates.TestBrewCandidates" name="test_check_brew_install_candidates_brew_timeout_error" time="0.001" /><testcase classname="tests.test_brew_candidates.TestBrewCandidates" name="test_check_brew_install_candidates_network_error" time="0.001" /><testcase classname="tests.test_brew_candidates.TestBrewCandidates" name="test_check_brew_install_candidates_no_homebrew" time="0.001" /><testcase classname="tests.test_brew_candidates.TestBrewCandidates" name="test_check_brew_install_candidates_success" time="0.002" /><testcase classname="tests.test_brew_candidates.TestBrewCandidates" name="test_process_brew_batch_empty" time="0.001" /><testcase classname="tests.test_brew_candidates.TestBrewCandidates" name="test_process_brew_batch_no_homebrew" time="0.000" /><testcase classname="tests.test_brew_candidates.TestBrewCandidates" name="test_process_brew_batch_success" time="0.002" /><testcase classname="tests.test_brew_candidates.TestBrewCandidates" name="test_process_brew_search_error" time="0.001" /><testcase classname="tests.test_brew_candidates.TestBrewCandidates" name="test_process_brew_search_match_found" time="0.001" /><testcase classname="tests.test_brew_candidates.TestBrewCandidates" name="test_process_brew_search_no_match" time="0.001" /><testcase classname="tests.test_brew_candidates.TestBrewCandidates" name="test_simple_rate_limiter" time="0.104" /><testcase classname="tests.test_brew_installability.TestBrewCaskInstallability" name="test_get_brew_cask_name_from_cache" time="0.001" /><testcase classname="tests.test_brew_installability.TestBrewCaskInstallability" name="test_get_brew_cask_name_no_match" time="0.001" /><testcase classname="tests.test_brew_installability.TestBrewCaskInstallability" name="test_get_brew_cask_name_search_match" time="0.001" /><testcase classname="tests.test_brew_installability.TestBrewCaskInstallability" name="test_is_brew_cask_installable_error" time="0.946" /><testcase classname="tests.test_brew_installability.TestBrewCaskInstallability" name="test_is_brew_cask_installable_found" time="0.082" /><testcase classname="tests.test_brew_installability.TestBrewCaskInstallability" name="test_is_brew_cask_installable_not_found" time="0.800" /><testcase classname="tests.test_brew_installability.TestBrewCaskInstallability" name="test_is_brew_cask_installable_with_cache" time="0.001" /><testcase classname="tests.test_cache.TestCache" name="test_clear_cache_all" time="0.002" /><testcase classname="tests.test_cache.TestCache" name="test_clear_cache_exception" time="0.002" /><testcase classname="tests.test_cache.TestCache" name="test_clear_cache_specific" time="0.001" /><testcase classname="tests.test_cache.TestCache" name="test_ensure_cache_dir" time="0.001" /><testcase classname="tests.test_cache.TestCache" name="test_ensure_cache_dir_already_exists" time="0.001" /><testcase classname="tests.test_cache.TestCache" name="test_ensure_cache_dir_error" time="0.001" /><testcase classname="tests.test_cache.TestCache" name="test_read_cache_exception" time="0.001" /><testcase classname="tests.test_cache.TestCache" name="test_read_cache_expired" time="0.001" /><testcase classname="tests.test_cache.TestCache" name="test_read_cache_invalid_json" time="0.003" /><testcase classname="tests.test_cache.TestCache" name="test_read_cache_not_exists" time="0.001" /><testcase classname="tests.test_cache.TestCache" name="test_read_cache_valid" time="0.002" /><testcase classname="tests.test_cache.TestCache" name="test_write_cache_exception" time="0.001" /><testcase classname="tests.test_cache.TestCache" name="test_write_cache_success" time="0.002" /><testcase classname="tests.test_cli.TestCLI" name="test_additional_dirs_option" time="0.002" /><testcase classname="tests.test_cli.TestCLI" name="test_apps_flag" time="0.001" /><testcase classname="tests.test_cli.TestCLI" name="test_blacklist_option" time="0.001" /><testcase classname="tests.test_cli.TestCLI" name="test_brews_flag" time="0.001" /><testcase classname="tests.test_cli.TestCLI" name="test_combined_options" time="0.001" /><testcase classname="tests.test_cli.TestCLI" name="test_debug_option" time="0.001" /><testcase classname="tests.test_cli.TestCLI" name="test_default_args" time="0.001" /><testcase classname="tests.test_cli.TestCLI" name="test_max_workers_option" time="0.001" /><testcase classname="tests.test_cli.TestCLI" name="test_no_progress_flag" time="0.001" /><testcase classname="tests.test_cli.TestCLI" name="test_rate_limit_option" time="0.001" /><testcase classname="tests.test_cli.TestCLI" name="test_recommend_flag" time="0.002" /><testcase classname="tests.test_cli.TestCLI" name="test_similarity_option" time="0.001" /><testcase classname="tests.test_cli.TestCLI" name="test_strict_recommend_flag" time="0.001" /><testcase classname="tests.test_config.TestConfig" name="test_env_api_rate_limit" time="0.081" /><testcase classname="tests.test_config.TestConfig" name="test_env_blacklist" time="0.081" /><testcase classname="tests.test_config.TestConfig" name="test_env_debug" time="0.079" /><testcase classname="tests.test_config.TestConfig" name="test_init_default_values" time="0.077" /><testcase classname="tests.test_config.TestConfig" name="test_is_blacklisted" time="0.081" /><testcase classname="tests.test_config.TestConfig" name="test_set_get" time="0.078" /><testcase classname="tests.test_config_yaml.TestConfigFile" name="test_custom_config_path" time="0.079" /><testcase classname="tests.test_config_yaml.TestConfigFile" name="test_env_vars_override_file" time="0.080" /><testcase classname="tests.test_config_yaml.TestConfigFile" name="test_generate_default_config" time="0.085" /><testcase classname="tests.test_config_yaml.TestConfigFile" name="test_load_from_yaml_file" time="0.083" /><testcase classname="tests.test_config_yaml.TestConfigFile" name="test_load_nonexistent_file" time="0.079" /><testcase classname="tests.test_export.TestExport" name="test_export_data_csv" time="0.001" /><testcase classname="tests.test_export.TestExport" name="test_export_data_empty" time="0.000" /><testcase classname="tests.test_export.TestExport" name="test_export_data_general_error" time="0.001" /><testcase classname="tests.test_export.TestExport" name="test_export_data_invalid_format" time="0.000" /><testcase classname="tests.test_export.TestExport" name="test_export_data_json" time="0.000" /><testcase classname="tests.test_export.TestExport" name="test_export_data_permission_error" time="0.000" /><testcase classname="tests.test_export.TestExport" name="test_export_data_with_filename" time="0.001" /><testcase classname="tests.test_export.TestExport" name="test_export_to_csv_error" time="0.000" /><testcase classname="tests.test_export.TestExport" name="test_export_to_csv_file" time="0.004" /><testcase classname="tests.test_export.TestExport" name="test_export_to_csv_file_error" time="0.000" /><testcase classname="tests.test_export.TestExport" name="test_export_to_csv_string" time="0.000" /><testcase classname="tests.test_export.TestExport" name="test_export_to_csv_with_dict_structure" time="0.000" /><testcase classname="tests.test_export.TestExport" name="test_export_to_csv_with_minimal_tuple" time="0.000" /><testcase classname="tests.test_export.TestExport" name="test_export_to_csv_with_version_status" time="0.000" /><testcase classname="tests.test_export.TestExport" name="test_export_to_json_error" time="0.000" /><testcase classname="tests.test_export.TestExport" name="test_export_to_json_file" time="0.004" /><testcase classname="tests.test_export.TestExport" name="test_export_to_json_file_error" time="0.000" /><testcase classname="tests.test_export.TestExport" name="test_export_to_json_string" time="0.000" /><testcase classname="tests.test_export.TestExport" name="test_export_to_json_with_version_status" time="0.000" /><testcase classname="tests.test_export.TestExport" name="test_export_to_json_with_version_status_enum" time="0.000" /><testcase classname="tests.test_homebrew.TestHomebrew" name="test_get_homebrew_casks_empty" time="0.001" /><testcase classname="tests.test_homebrew.TestHomebrew" name="test_get_homebrew_casks_error" time="0.001" /><testcase classname="tests.test_homebrew.TestHomebrew" name="test_get_homebrew_casks_network_error" time="0.001" /><testcase classname="tests.test_homebrew.TestHomebrew" name="test_get_homebrew_casks_success" time="0.001" /><testcase classname="tests.test_homebrew.TestHomebrew" name="test_get_homebrew_casks_timeout" time="0.001" /><testcase classname="tests.test_homebrew_advanced.TestHomebrewModule" name="test_batch_get_cask_info" time="0.002" /><testcase classname="tests.test_homebrew_advanced.TestHomebrewModule" name="test_clear_homebrew_cache" time="0.002" /><testcase classname="tests.test_homebrew_advanced.TestHomebrewModule" name="test_get_all_homebrew_casks_cached" time="0.001" /><testcase classname="tests.test_homebrew_advanced.TestHomebrewModule" name="test_get_all_homebrew_casks_uncached" time="0.001" /><testcase classname="tests.test_homebrew_advanced.TestHomebrewModule" name="test_get_cask_info_cached" time="0.001" /><testcase classname="tests.test_homebrew_advanced.TestHomebrewModule" name="test_get_cask_info_uncached" time="0.001" /><testcase classname="tests.test_homebrew_advanced.TestHomebrewModule" name="test_get_cask_version" time="0.001" /><testcase classname="tests.test_homebrew_advanced.TestHomebrewModule" name="test_get_cask_version_error" time="0.001" /><testcase classname="tests.test_homebrew_advanced.TestHomebrewModule" name="test_get_homebrew_path_apple_silicon" time="0.001" /><testcase classname="tests.test_homebrew_advanced.TestHomebrewModule" name="test_get_homebrew_path_fallback" time="0.001" /><testcase classname="tests.test_homebrew_advanced.TestHomebrewModule" name="test_get_homebrew_path_intel" time="0.001" /><testcase classname="tests.test_homebrew_advanced.TestHomebrewModule" name="test_get_homebrew_path_not_found" time="0.001" /><testcase classname="tests.test_homebrew_advanced.TestHomebrewModule" name="test_get_installed_homebrew_casks" time="0.001" /><testcase classname="tests.test_homebrew_advanced.TestHomebrewModule" name="test_get_outdated_homebrew_casks" time="0.001" /><testcase classname="tests.test_homebrew_advanced.TestHomebrewModule" name="test_is_homebrew_available_failure" time="0.010" /><testcase classname="tests.test_homebrew_advanced.TestHomebrewModule" name="test_is_homebrew_available_success" time="0.001" /><testcase classname="tests.test_homebrew_advanced.TestHomebrewModule" name="test_search_casks" time="0.002" /><testcase classname="tests.test_integration.TestIntegration" name="test_main_apps_workflow" time="0.038" /><testcase classname="tests.test_integration.TestIntegration" name="test_main_brews_workflow" time="0.001" /><testcase classname="tests.test_integration.TestIntegration" name="test_main_recommend_workflow" time="0.014" /><testcase classname="tests.test_integration.TestIntegration" name="test_main_strict_recommend_workflow" time="0.003" /><testcase classname="tests.test_main.TestMain" name="test_get_status_color" time="0.001" /><testcase classname="tests.test_main.TestMain" name="test_get_status_icon_with_color" time="0.001" /><testcase classname="tests.test_main.TestMain" name="test_get_status_icon_without_color" time="0.000" /><testcase classname="tests.test_main.TestMain" name="test_handle_export_permission_error" time="0.002" /><testcase classname="tests.test_main.TestMain" name="test_handle_export_success" time="0.000" /><testcase classname="tests.test_main.TestMain" name="test_handle_export_value_error" time="0.001" /><testcase classname="tests.test_main.TestMain" name="test_setup_logging" time="0.001" /><testcase classname="tests.test_main.TestMain" name="test_suppress_console_warnings" time="0.001" /><testcase classname="tests.test_ui.TestColorOutput" name="test_print_debug" time="0.000" /><testcase classname="tests.test_ui.TestColorOutput" name="test_print_error" time="0.000" /><testcase classname="tests.test_ui.TestColorOutput" name="test_print_info" time="0.000" /><testcase classname="tests.test_ui.TestColorOutput" name="test_print_success" time="0.000" /><testcase classname="tests.test_ui.TestColorOutput" name="test_print_warning" time="0.000" /><testcase classname="tests.test_ui.TestSmartProgress" name="test_resource_monitoring" time="0.001" /><testcase classname="tests.test_ui.TestSmartProgress" name="test_smart_progress_creation" time="0.000" /><testcase classname="tests.test_ui.TestSmartProgress" name="test_smart_progress_iteration" time="0.000" /><testcase classname="tests.test_ui.TestAdaptiveRateLimiter" name="test_high_resource_usage" time="0.001" /><testcase classname="tests.test_ui.TestAdaptiveRateLimiter" name="test_initialization" time="0.000" /><testcase classname="tests.test_ui.TestAdaptiveRateLimiter" name="test_low_resource_usage" time="0.001" /><testcase classname="tests.test_ui.TestAdaptiveRateLimiter" name="test_wait_function" time="3.681" /><testcase classname="tests.test_ui.TestQueryFilterManager" name="test_delete_filter" time="0.003" /><testcase classname="tests.test_ui.TestQueryFilterManager" name="test_delete_nonexistent_filter" time="0.002" /><testcase classname="tests.test_ui.TestQueryFilterManager" name="test_invalid_filter_name" time="0.001" /><testcase classname="tests.test_ui.TestQueryFilterManager" name="test_list_filters" time="0.003" /><testcase classname="tests.test_ui.TestQueryFilterManager" name="test_save_and_load_filter" time="0.004" /><testcase classname="tests.test_ui_enhanced.TestTerminalUI" name="test_color_rendering" time="0.001" /><testcase classname="tests.test_ui_enhanced.TestTerminalUI" name="test_progress_bar_rendering" time="0.001" /><testcase classname="tests.test_ui_enhanced.TestTerminalUI" name="test_progress_bar_status_updates" time="0.001" /><testcase classname="tests.test_ui_enhanced.TestTerminalUI" name="test_status_icon_rendering" time="0.000" /><testcase classname="tests.test_ui_enhanced.TestTerminalUI" name="test_wrapped_line_rendering" time="0.000" /><testcase classname="tests.test_ui_enhanced.TestAccessibility" name="test_color_blind_compatibility" time="0.001" /><testcase classname="tests.test_ui_enhanced.TestAccessibility" name="test_color_contrast" time="0.001" /><testcase classname="tests.test_ui_enhanced.TestAccessibility" name="test_screen_reader_compatibility" time="0.001" /><testcase classname="tests.test_ui_enhanced.TestInteractiveUI" name="test_adaptive_rate_limiter" time="0.105" /><testcase classname="tests.test_ui_enhanced.TestInteractiveUI" name="test_progress_refresh_handling" time="0.001" /><testcase classname="tests.test_ui_enhanced.TestInteractiveUI" name="test_resource_monitoring_updates" time="0.000" /><testcase classname="tests.test_utils.TestUtils" name="test_normalise_name" time="0.000" /><testcase classname="tests.test_utils.TestUtils" name="test_rate_limiter" time="0.001" /><testcase classname="tests.test_version.TestVersionComparison" name="test_compare_versions" time="0.003" /><testcase classname="tests.test_version.TestVersionComparison" name="test_parse_version" time="0.005" /><testcase classname="tests.test_version.TestVersionComparison" name="test_version_difference" time="0.000" /><testcase classname="tests.test_version.TestVersionComparison" name="test_version_info" time="0.000" /></testsuite></testsuites>